{"/Users/zhl/Desktop/R27_Class/W7-Node-Express/express-jobly/app.js": {"path":"/Users/zhl/Desktop/R27_Class/W7-Node-Express/express-jobly/app.js","statementMap":{"0":{"start":{"line":5,"column":16},"end":{"line":5,"column":34}},"1":{"start":{"line":6,"column":13},"end":{"line":6,"column":28}},"2":{"start":{"line":8,"column":26},"end":{"line":8,"column":51}},"3":{"start":{"line":10,"column":28},"end":{"line":10,"column":56}},"4":{"start":{"line":11,"column":19},"end":{"line":11,"column":43}},"5":{"start":{"line":12,"column":24},"end":{"line":12,"column":53}},"6":{"start":{"line":13,"column":20},"end":{"line":13,"column":45}},"7":{"start":{"line":14,"column":19},"end":{"line":14,"column":43}},"8":{"start":{"line":16,"column":15},"end":{"line":16,"column":32}},"9":{"start":{"line":18,"column":12},"end":{"line":18,"column":21}},"10":{"start":{"line":20,"column":0},"end":{"line":20,"column":16}},"11":{"start":{"line":21,"column":0},"end":{"line":21,"column":24}},"12":{"start":{"line":22,"column":0},"end":{"line":22,"column":24}},"13":{"start":{"line":23,"column":0},"end":{"line":23,"column":25}},"14":{"start":{"line":25,"column":0},"end":{"line":25,"column":29}},"15":{"start":{"line":26,"column":0},"end":{"line":26,"column":39}},"16":{"start":{"line":27,"column":0},"end":{"line":27,"column":31}},"17":{"start":{"line":28,"column":0},"end":{"line":28,"column":29}},"18":{"start":{"line":32,"column":0},"end":{"line":34,"column":3}},"19":{"start":{"line":33,"column":2},"end":{"line":33,"column":28}},"20":{"start":{"line":37,"column":0},"end":{"line":45,"column":3}},"21":{"start":{"line":38,"column":2},"end":{"line":38,"column":64}},"22":{"start":{"line":38,"column":39},"end":{"line":38,"column":64}},"23":{"start":{"line":39,"column":17},"end":{"line":39,"column":34}},"24":{"start":{"line":40,"column":18},"end":{"line":40,"column":29}},"25":{"start":{"line":42,"column":2},"end":{"line":44,"column":5}},"26":{"start":{"line":47,"column":0},"end":{"line":47,"column":21}}},"fnMap":{"0":{"name":"(anonymous_0)","decl":{"start":{"line":32,"column":8},"end":{"line":32,"column":9}},"loc":{"start":{"line":32,"column":34},"end":{"line":34,"column":1}},"line":32},"1":{"name":"(anonymous_1)","decl":{"start":{"line":37,"column":8},"end":{"line":37,"column":9}},"loc":{"start":{"line":37,"column":39},"end":{"line":45,"column":1}},"line":37}},"branchMap":{"0":{"loc":{"start":{"line":38,"column":2},"end":{"line":38,"column":64}},"type":"if","locations":[{"start":{"line":38,"column":2},"end":{"line":38,"column":64}},{"start":{},"end":{}}],"line":38},"1":{"loc":{"start":{"line":39,"column":17},"end":{"line":39,"column":34}},"type":"binary-expr","locations":[{"start":{"line":39,"column":17},"end":{"line":39,"column":27}},{"start":{"line":39,"column":31},"end":{"line":39,"column":34}}],"line":39}},"s":{"0":5,"1":5,"2":5,"3":5,"4":5,"5":5,"6":5,"7":5,"8":5,"9":5,"10":5,"11":5,"12":5,"13":5,"14":5,"15":5,"16":5,"17":5,"18":5,"19":2,"20":5,"21":54,"22":1,"23":54,"24":54,"25":54,"26":5},"f":{"0":2,"1":54},"b":{"0":[1,53],"1":[54,2]},"_coverageSchema":"1a1c01bbd47fc00a2c39e90264f33305004495a9","hash":"b83bbb0310b3a098a845178607ac6081081fa889"}
,"/Users/zhl/Desktop/R27_Class/W7-Node-Express/express-jobly/config.js": {"path":"/Users/zhl/Desktop/R27_Class/W7-Node-Express/express-jobly/config.js","statementMap":{"0":{"start":{"line":5,"column":0},"end":{"line":5,"column":27}},"1":{"start":{"line":6,"column":0},"end":{"line":6,"column":18}},"2":{"start":{"line":8,"column":19},"end":{"line":8,"column":57}},"3":{"start":{"line":10,"column":13},"end":{"line":10,"column":38}},"4":{"start":{"line":14,"column":2},"end":{"line":16,"column":44}},"5":{"start":{"line":22,"column":27},"end":{"line":22,"column":67}},"6":{"start":{"line":24,"column":0},"end":{"line":24,"column":35}},"7":{"start":{"line":25,"column":0},"end":{"line":25,"column":46}},"8":{"start":{"line":26,"column":0},"end":{"line":26,"column":45}},"9":{"start":{"line":27,"column":0},"end":{"line":27,"column":61}},"10":{"start":{"line":28,"column":0},"end":{"line":28,"column":50}},"11":{"start":{"line":29,"column":0},"end":{"line":29,"column":19}},"12":{"start":{"line":31,"column":0},"end":{"line":36,"column":2}}},"fnMap":{"0":{"name":"getDatabaseUri","decl":{"start":{"line":13,"column":9},"end":{"line":13,"column":23}},"loc":{"start":{"line":13,"column":26},"end":{"line":17,"column":1}},"line":13}},"branchMap":{"0":{"loc":{"start":{"line":8,"column":19},"end":{"line":8,"column":57}},"type":"binary-expr","locations":[{"start":{"line":8,"column":19},"end":{"line":8,"column":41}},{"start":{"line":8,"column":45},"end":{"line":8,"column":57}}],"line":8},"1":{"loc":{"start":{"line":10,"column":13},"end":{"line":10,"column":38}},"type":"binary-expr","locations":[{"start":{"line":10,"column":13},"end":{"line":10,"column":30}},{"start":{"line":10,"column":34},"end":{"line":10,"column":38}}],"line":10},"2":{"loc":{"start":{"line":14,"column":9},"end":{"line":16,"column":43}},"type":"cond-expr","locations":[{"start":{"line":15,"column":8},"end":{"line":15,"column":20}},{"start":{"line":16,"column":8},"end":{"line":16,"column":43}}],"line":14},"3":{"loc":{"start":{"line":16,"column":8},"end":{"line":16,"column":43}},"type":"binary-expr","locations":[{"start":{"line":16,"column":8},"end":{"line":16,"column":32}},{"start":{"line":16,"column":36},"end":{"line":16,"column":43}}],"line":16},"4":{"loc":{"start":{"line":22,"column":27},"end":{"line":22,"column":67}},"type":"cond-expr","locations":[{"start":{"line":22,"column":61},"end":{"line":22,"column":62}},{"start":{"line":22,"column":65},"end":{"line":22,"column":67}}],"line":22}},"s":{"0":11,"1":11,"2":11,"3":11,"4":22,"5":11,"6":11,"7":11,"8":11,"9":11,"10":11,"11":11,"12":11},"f":{"0":22},"b":{"0":[11,10],"1":[11,10],"2":[19,3],"3":[3,1],"4":[10,1]},"_coverageSchema":"1a1c01bbd47fc00a2c39e90264f33305004495a9","hash":"3866e9f7bd1def17fe6afee2583bb0c85cd0128e"}
,"/Users/zhl/Desktop/R27_Class/W7-Node-Express/express-jobly/db.js": {"path":"/Users/zhl/Desktop/R27_Class/W7-Node-Express/express-jobly/db.js","statementMap":{"0":{"start":{"line":5,"column":19},"end":{"line":5,"column":32}},"1":{"start":{"line":6,"column":27},"end":{"line":6,"column":46}},"2":{"start":{"line":8,"column":11},"end":{"line":10,"column":2}},"3":{"start":{"line":12,"column":0},"end":{"line":12,"column":13}},"4":{"start":{"line":14,"column":0},"end":{"line":14,"column":20}}},"fnMap":{},"branchMap":{},"s":{"0":8,"1":8,"2":8,"3":8,"4":8},"f":{},"b":{},"_coverageSchema":"1a1c01bbd47fc00a2c39e90264f33305004495a9","hash":"870023961cedbeb8aa2ec4a879e8d271864677b6"}
,"/Users/zhl/Desktop/R27_Class/W7-Node-Express/express-jobly/expressError.js": {"path":"/Users/zhl/Desktop/R27_Class/W7-Node-Express/express-jobly/expressError.js","statementMap":{"0":{"start":{"line":9,"column":4},"end":{"line":9,"column":12}},"1":{"start":{"line":10,"column":4},"end":{"line":10,"column":27}},"2":{"start":{"line":11,"column":4},"end":{"line":11,"column":25}},"3":{"start":{"line":19,"column":4},"end":{"line":19,"column":24}},"4":{"start":{"line":27,"column":4},"end":{"line":27,"column":24}},"5":{"start":{"line":35,"column":4},"end":{"line":35,"column":24}},"6":{"start":{"line":43,"column":4},"end":{"line":43,"column":24}},"7":{"start":{"line":47,"column":0},"end":{"line":53,"column":2}}},"fnMap":{"0":{"name":"(anonymous_0)","decl":{"start":{"line":8,"column":2},"end":{"line":8,"column":3}},"loc":{"start":{"line":8,"column":31},"end":{"line":12,"column":3}},"line":8},"1":{"name":"(anonymous_1)","decl":{"start":{"line":18,"column":2},"end":{"line":18,"column":3}},"loc":{"start":{"line":18,"column":37},"end":{"line":20,"column":3}},"line":18},"2":{"name":"(anonymous_2)","decl":{"start":{"line":26,"column":2},"end":{"line":26,"column":3}},"loc":{"start":{"line":26,"column":40},"end":{"line":28,"column":3}},"line":26},"3":{"name":"(anonymous_3)","decl":{"start":{"line":34,"column":2},"end":{"line":34,"column":3}},"loc":{"start":{"line":34,"column":39},"end":{"line":36,"column":3}},"line":34},"4":{"name":"(anonymous_4)","decl":{"start":{"line":42,"column":2},"end":{"line":42,"column":3}},"loc":{"start":{"line":42,"column":39},"end":{"line":44,"column":3}},"line":42}},"branchMap":{"0":{"loc":{"start":{"line":18,"column":14},"end":{"line":18,"column":35}},"type":"default-arg","locations":[{"start":{"line":18,"column":24},"end":{"line":18,"column":35}}],"line":18},"1":{"loc":{"start":{"line":26,"column":14},"end":{"line":26,"column":38}},"type":"default-arg","locations":[{"start":{"line":26,"column":24},"end":{"line":26,"column":38}}],"line":26},"2":{"loc":{"start":{"line":34,"column":14},"end":{"line":34,"column":37}},"type":"default-arg","locations":[{"start":{"line":34,"column":24},"end":{"line":34,"column":37}}],"line":34},"3":{"loc":{"start":{"line":42,"column":14},"end":{"line":42,"column":37}},"type":"default-arg","locations":[{"start":{"line":42,"column":24},"end":{"line":42,"column":37}}],"line":42}},"s":{"0":75,"1":75,"2":75,"3":20,"4":29,"5":26,"6":0,"7":10},"f":{"0":75,"1":20,"2":29,"3":26,"4":0},"b":{"0":[2],"1":[25],"2":[0],"3":[0]},"_coverageSchema":"1a1c01bbd47fc00a2c39e90264f33305004495a9","hash":"0f2bafda55f7bd0bbe935ab5dcc50c536c9b34fb"}
,"/Users/zhl/Desktop/R27_Class/W7-Node-Express/express-jobly/helpers/sql.js": {"path":"/Users/zhl/Desktop/R27_Class/W7-Node-Express/express-jobly/helpers/sql.js","statementMap":{"0":{"start":{"line":1,"column":28},"end":{"line":1,"column":54}},"1":{"start":{"line":26,"column":15},"end":{"line":26,"column":40}},"2":{"start":{"line":27,"column":2},"end":{"line":27,"column":62}},"3":{"start":{"line":27,"column":25},"end":{"line":27,"column":62}},"4":{"start":{"line":30,"column":15},"end":{"line":32,"column":3}},"5":{"start":{"line":31,"column":4},"end":{"line":31,"column":50}},"6":{"start":{"line":34,"column":2},"end":{"line":37,"column":4}},"7":{"start":{"line":40,"column":0},"end":{"line":40,"column":41}}},"fnMap":{"0":{"name":"sqlForPartialUpdate","decl":{"start":{"line":25,"column":9},"end":{"line":25,"column":28}},"loc":{"start":{"line":25,"column":52},"end":{"line":38,"column":1}},"line":25},"1":{"name":"(anonymous_1)","decl":{"start":{"line":30,"column":24},"end":{"line":30,"column":25}},"loc":{"start":{"line":31,"column":4},"end":{"line":31,"column":50}},"line":31}},"branchMap":{"0":{"loc":{"start":{"line":27,"column":2},"end":{"line":27,"column":62}},"type":"if","locations":[{"start":{"line":27,"column":2},"end":{"line":27,"column":62}},{"start":{},"end":{}}],"line":27},"1":{"loc":{"start":{"line":31,"column":8},"end":{"line":31,"column":35}},"type":"binary-expr","locations":[{"start":{"line":31,"column":8},"end":{"line":31,"column":24}},{"start":{"line":31,"column":28},"end":{"line":31,"column":35}}],"line":31}},"s":{"0":9,"1":23,"2":23,"3":4,"4":19,"5":41,"6":19,"7":9},"f":{"0":23,"1":41},"b":{"0":[4,19],"1":[41,25]},"_coverageSchema":"1a1c01bbd47fc00a2c39e90264f33305004495a9","hash":"4487d76db8befde4c83ed52e5762158fcb2531f1"}
,"/Users/zhl/Desktop/R27_Class/W7-Node-Express/express-jobly/helpers/tokens.js": {"path":"/Users/zhl/Desktop/R27_Class/W7-Node-Express/express-jobly/helpers/tokens.js","statementMap":{"0":{"start":{"line":1,"column":12},"end":{"line":1,"column":35}},"1":{"start":{"line":2,"column":23},"end":{"line":2,"column":43}},"2":{"start":{"line":7,"column":2},"end":{"line":8,"column":58}},"3":{"start":{"line":10,"column":16},"end":{"line":13,"column":3}},"4":{"start":{"line":15,"column":2},"end":{"line":15,"column":39}},"5":{"start":{"line":18,"column":0},"end":{"line":18,"column":33}}},"fnMap":{"0":{"name":"createToken","decl":{"start":{"line":6,"column":9},"end":{"line":6,"column":20}},"loc":{"start":{"line":6,"column":27},"end":{"line":16,"column":1}},"line":6}},"branchMap":{"0":{"loc":{"start":{"line":12,"column":13},"end":{"line":12,"column":34}},"type":"binary-expr","locations":[{"start":{"line":12,"column":13},"end":{"line":12,"column":25}},{"start":{"line":12,"column":29},"end":{"line":12,"column":34}}],"line":12}},"s":{"0":6,"1":6,"2":19,"3":19,"4":19,"5":6},"f":{"0":19},"b":{"0":[19,13]},"_coverageSchema":"1a1c01bbd47fc00a2c39e90264f33305004495a9","hash":"4800cc9c7bdbcedcb9f1f9611761d468ba9827a7"}
,"/Users/zhl/Desktop/R27_Class/W7-Node-Express/express-jobly/middleware/auth.js": {"path":"/Users/zhl/Desktop/R27_Class/W7-Node-Express/express-jobly/middleware/auth.js","statementMap":{"0":{"start":{"line":5,"column":12},"end":{"line":5,"column":35}},"1":{"start":{"line":6,"column":23},"end":{"line":6,"column":43}},"2":{"start":{"line":7,"column":30},"end":{"line":7,"column":56}},"3":{"start":{"line":19,"column":2},"end":{"line":28,"column":3}},"4":{"start":{"line":20,"column":23},"end":{"line":20,"column":63}},"5":{"start":{"line":21,"column":4},"end":{"line":24,"column":5}},"6":{"start":{"line":22,"column":20},"end":{"line":22,"column":64}},"7":{"start":{"line":23,"column":6},"end":{"line":23,"column":54}},"8":{"start":{"line":25,"column":4},"end":{"line":25,"column":18}},"9":{"start":{"line":27,"column":4},"end":{"line":27,"column":18}},"10":{"start":{"line":37,"column":2},"end":{"line":42,"column":3}},"11":{"start":{"line":38,"column":4},"end":{"line":38,"column":56}},"12":{"start":{"line":38,"column":26},"end":{"line":38,"column":56}},"13":{"start":{"line":39,"column":4},"end":{"line":39,"column":18}},"14":{"start":{"line":41,"column":4},"end":{"line":41,"column":21}},"15":{"start":{"line":53,"column":15},"end":{"line":53,"column":30}},"16":{"start":{"line":54,"column":2},"end":{"line":56,"column":3}},"17":{"start":{"line":55,"column":4},"end":{"line":55,"column":34}},"18":{"start":{"line":57,"column":2},"end":{"line":57,"column":16}},"19":{"start":{"line":66,"column":15},"end":{"line":66,"column":30}},"20":{"start":{"line":67,"column":19},"end":{"line":67,"column":38}},"21":{"start":{"line":68,"column":2},"end":{"line":68,"column":43}},"22":{"start":{"line":68,"column":13},"end":{"line":68,"column":43}},"23":{"start":{"line":70,"column":2},"end":{"line":72,"column":3}},"24":{"start":{"line":71,"column":4},"end":{"line":71,"column":18}},"25":{"start":{"line":74,"column":2},"end":{"line":74,"column":32}},"26":{"start":{"line":77,"column":0},"end":{"line":82,"column":2}}},"fnMap":{"0":{"name":"authenticateJWT","decl":{"start":{"line":18,"column":9},"end":{"line":18,"column":24}},"loc":{"start":{"line":18,"column":41},"end":{"line":29,"column":1}},"line":18},"1":{"name":"ensureLoggedIn","decl":{"start":{"line":36,"column":9},"end":{"line":36,"column":23}},"loc":{"start":{"line":36,"column":40},"end":{"line":43,"column":1}},"line":36},"2":{"name":"ensureAdmin","decl":{"start":{"line":52,"column":9},"end":{"line":52,"column":20}},"loc":{"start":{"line":52,"column":37},"end":{"line":58,"column":1}},"line":52},"3":{"name":"ensureUserOrAdmin","decl":{"start":{"line":65,"column":9},"end":{"line":65,"column":26}},"loc":{"start":{"line":65,"column":43},"end":{"line":75,"column":1}},"line":65}},"branchMap":{"0":{"loc":{"start":{"line":20,"column":23},"end":{"line":20,"column":63}},"type":"binary-expr","locations":[{"start":{"line":20,"column":23},"end":{"line":20,"column":34}},{"start":{"line":20,"column":38},"end":{"line":20,"column":63}}],"line":20},"1":{"loc":{"start":{"line":21,"column":4},"end":{"line":24,"column":5}},"type":"if","locations":[{"start":{"line":21,"column":4},"end":{"line":24,"column":5}},{"start":{},"end":{}}],"line":21},"2":{"loc":{"start":{"line":38,"column":4},"end":{"line":38,"column":56}},"type":"if","locations":[{"start":{"line":38,"column":4},"end":{"line":38,"column":56}},{"start":{},"end":{}}],"line":38},"3":{"loc":{"start":{"line":54,"column":2},"end":{"line":56,"column":3}},"type":"if","locations":[{"start":{"line":54,"column":2},"end":{"line":56,"column":3}},{"start":{},"end":{}}],"line":54},"4":{"loc":{"start":{"line":54,"column":6},"end":{"line":54,"column":36}},"type":"binary-expr","locations":[{"start":{"line":54,"column":6},"end":{"line":54,"column":11}},{"start":{"line":54,"column":15},"end":{"line":54,"column":36}}],"line":54},"5":{"loc":{"start":{"line":68,"column":2},"end":{"line":68,"column":43}},"type":"if","locations":[{"start":{"line":68,"column":2},"end":{"line":68,"column":43}},{"start":{},"end":{}}],"line":68},"6":{"loc":{"start":{"line":70,"column":2},"end":{"line":72,"column":3}},"type":"if","locations":[{"start":{"line":70,"column":2},"end":{"line":72,"column":3}},{"start":{},"end":{}}],"line":70},"7":{"loc":{"start":{"line":70,"column":6},"end":{"line":70,"column":57}},"type":"binary-expr","locations":[{"start":{"line":70,"column":6},"end":{"line":70,"column":27}},{"start":{"line":70,"column":31},"end":{"line":70,"column":57}}],"line":70}},"s":{"0":6,"1":6,"2":6,"3":85,"4":85,"5":85,"6":50,"7":50,"8":84,"9":1,"10":2,"11":2,"12":1,"13":1,"14":1,"15":41,"16":41,"17":16,"18":25,"19":22,"20":22,"21":22,"22":4,"23":18,"24":14,"25":4,"26":6},"f":{"0":85,"1":2,"2":41,"3":22},"b":{"0":[85,84],"1":[50,35],"2":[1,1],"3":[16,25],"4":[41,34],"5":[4,18],"6":[14,4],"7":[18,9]},"_coverageSchema":"1a1c01bbd47fc00a2c39e90264f33305004495a9","hash":"75b9a2a2ad88a15d06aa161be69aa205a4b20653"}
,"/Users/zhl/Desktop/R27_Class/W7-Node-Express/express-jobly/models/_testCommon.js": {"path":"/Users/zhl/Desktop/R27_Class/W7-Node-Express/express-jobly/models/_testCommon.js","statementMap":{"0":{"start":{"line":1,"column":15},"end":{"line":1,"column":32}},"1":{"start":{"line":3,"column":11},"end":{"line":3,"column":30}},"2":{"start":{"line":4,"column":31},"end":{"line":4,"column":51}},"3":{"start":{"line":6,"column":13},"end":{"line":6,"column":15}},"4":{"start":{"line":10,"column":2},"end":{"line":10,"column":37}},"5":{"start":{"line":12,"column":2},"end":{"line":12,"column":42}},"6":{"start":{"line":14,"column":2},"end":{"line":14,"column":38}},"7":{"start":{"line":16,"column":2},"end":{"line":20,"column":55}},"8":{"start":{"line":22,"column":2},"end":{"line":34,"column":7}},"9":{"start":{"line":36,"column":18},"end":{"line":41,"column":26}},"10":{"start":{"line":43,"column":2},"end":{"line":43,"column":74}},"11":{"start":{"line":47,"column":2},"end":{"line":47,"column":26}},"12":{"start":{"line":51,"column":2},"end":{"line":51,"column":29}},"13":{"start":{"line":55,"column":2},"end":{"line":55,"column":17}},"14":{"start":{"line":59,"column":0},"end":{"line":65,"column":2}}},"fnMap":{"0":{"name":"commonBeforeAll","decl":{"start":{"line":8,"column":15},"end":{"line":8,"column":30}},"loc":{"start":{"line":8,"column":33},"end":{"line":44,"column":1}},"line":8},"1":{"name":"commonBeforeEach","decl":{"start":{"line":46,"column":15},"end":{"line":46,"column":31}},"loc":{"start":{"line":46,"column":34},"end":{"line":48,"column":1}},"line":46},"2":{"name":"commonAfterEach","decl":{"start":{"line":50,"column":15},"end":{"line":50,"column":30}},"loc":{"start":{"line":50,"column":33},"end":{"line":52,"column":1}},"line":50},"3":{"name":"commonAfterAll","decl":{"start":{"line":54,"column":15},"end":{"line":54,"column":29}},"loc":{"start":{"line":54,"column":32},"end":{"line":56,"column":1}},"line":54}},"branchMap":{},"s":{"0":3,"1":3,"2":3,"3":3,"4":3,"5":3,"6":3,"7":3,"8":3,"9":3,"10":3,"11":46,"12":46,"13":3,"14":3},"f":{"0":3,"1":46,"2":46,"3":3},"b":{},"_coverageSchema":"1a1c01bbd47fc00a2c39e90264f33305004495a9","hash":"b5a1d6f192faa33a44eff9f77cdf0a20a8c2e3c0"}
,"/Users/zhl/Desktop/R27_Class/W7-Node-Express/express-jobly/models/company.js": {"path":"/Users/zhl/Desktop/R27_Class/W7-Node-Express/express-jobly/models/company.js","statementMap":{"0":{"start":{"line":3,"column":11},"end":{"line":3,"column":27}},"1":{"start":{"line":4,"column":43},"end":{"line":4,"column":69}},"2":{"start":{"line":5,"column":32},"end":{"line":5,"column":57}},"3":{"start":{"line":20,"column":27},"end":{"line":24,"column":15}},"4":{"start":{"line":26,"column":4},"end":{"line":27,"column":64}},"5":{"start":{"line":27,"column":6},"end":{"line":27,"column":64}},"6":{"start":{"line":29,"column":19},"end":{"line":46,"column":5}},"7":{"start":{"line":47,"column":20},"end":{"line":47,"column":34}},"8":{"start":{"line":49,"column":4},"end":{"line":49,"column":19}},"9":{"start":{"line":61,"column":4},"end":{"line":65,"column":5}},"10":{"start":{"line":62,"column":6},"end":{"line":64,"column":8}},"11":{"start":{"line":67,"column":46},"end":{"line":67,"column":76}},"12":{"start":{"line":69,"column":25},"end":{"line":78,"column":22}},"13":{"start":{"line":80,"column":4},"end":{"line":80,"column":29}},"14":{"start":{"line":98,"column":22},"end":{"line":98,"column":24}},"15":{"start":{"line":99,"column":27},"end":{"line":99,"column":29}},"16":{"start":{"line":101,"column":4},"end":{"line":119,"column":5}},"17":{"start":{"line":102,"column":6},"end":{"line":106,"column":7}},"18":{"start":{"line":103,"column":8},"end":{"line":103,"column":37}},"19":{"start":{"line":105,"column":8},"end":{"line":105,"column":36}},"20":{"start":{"line":107,"column":6},"end":{"line":110,"column":7}},"21":{"start":{"line":108,"column":8},"end":{"line":108,"column":49}},"22":{"start":{"line":109,"column":8},"end":{"line":109,"column":64}},"23":{"start":{"line":111,"column":6},"end":{"line":114,"column":7}},"24":{"start":{"line":112,"column":8},"end":{"line":112,"column":46}},"25":{"start":{"line":113,"column":8},"end":{"line":113,"column":70}},"26":{"start":{"line":115,"column":6},"end":{"line":118,"column":7}},"27":{"start":{"line":116,"column":8},"end":{"line":116,"column":46}},"28":{"start":{"line":117,"column":8},"end":{"line":117,"column":70}},"29":{"start":{"line":121,"column":4},"end":{"line":121,"column":45}},"30":{"start":{"line":133,"column":23},"end":{"line":141,"column":15}},"31":{"start":{"line":143,"column":20},"end":{"line":143,"column":38}},"32":{"start":{"line":145,"column":4},"end":{"line":145,"column":67}},"33":{"start":{"line":145,"column":18},"end":{"line":145,"column":67}},"34":{"start":{"line":147,"column":20},"end":{"line":153,"column":3}},"35":{"start":{"line":155,"column":2},"end":{"line":155,"column":30}},"36":{"start":{"line":157,"column":4},"end":{"line":157,"column":19}},"37":{"start":{"line":173,"column":32},"end":{"line":178,"column":8}},"38":{"start":{"line":179,"column":25},"end":{"line":179,"column":50}},"39":{"start":{"line":181,"column":21},"end":{"line":185,"column":100}},"40":{"start":{"line":186,"column":19},"end":{"line":186,"column":64}},"41":{"start":{"line":187,"column":20},"end":{"line":187,"column":34}},"42":{"start":{"line":189,"column":4},"end":{"line":189,"column":67}},"43":{"start":{"line":189,"column":18},"end":{"line":189,"column":67}},"44":{"start":{"line":191,"column":4},"end":{"line":191,"column":19}},"45":{"start":{"line":200,"column":19},"end":{"line":205,"column":15}},"46":{"start":{"line":206,"column":20},"end":{"line":206,"column":34}},"47":{"start":{"line":208,"column":4},"end":{"line":208,"column":67}},"48":{"start":{"line":208,"column":18},"end":{"line":208,"column":67}},"49":{"start":{"line":213,"column":0},"end":{"line":213,"column":25}}},"fnMap":{"0":{"name":"(anonymous_0)","decl":{"start":{"line":19,"column":2},"end":{"line":19,"column":3}},"loc":{"start":{"line":19,"column":76},"end":{"line":50,"column":3}},"line":19},"1":{"name":"(anonymous_1)","decl":{"start":{"line":59,"column":2},"end":{"line":59,"column":3}},"loc":{"start":{"line":59,"column":31},"end":{"line":81,"column":3}},"line":59},"2":{"name":"(anonymous_2)","decl":{"start":{"line":97,"column":2},"end":{"line":97,"column":3}},"loc":{"start":{"line":97,"column":32},"end":{"line":122,"column":3}},"line":97},"3":{"name":"(anonymous_3)","decl":{"start":{"line":132,"column":2},"end":{"line":132,"column":3}},"loc":{"start":{"line":132,"column":27},"end":{"line":158,"column":3}},"line":132},"4":{"name":"(anonymous_4)","decl":{"start":{"line":172,"column":2},"end":{"line":172,"column":3}},"loc":{"start":{"line":172,"column":36},"end":{"line":192,"column":3}},"line":172},"5":{"name":"(anonymous_5)","decl":{"start":{"line":199,"column":2},"end":{"line":199,"column":3}},"loc":{"start":{"line":199,"column":30},"end":{"line":209,"column":3}},"line":199}},"branchMap":{"0":{"loc":{"start":{"line":26,"column":4},"end":{"line":27,"column":64}},"type":"if","locations":[{"start":{"line":26,"column":4},"end":{"line":27,"column":64}},{"start":{},"end":{}}],"line":26},"1":{"loc":{"start":{"line":61,"column":4},"end":{"line":65,"column":5}},"type":"if","locations":[{"start":{"line":61,"column":4},"end":{"line":65,"column":5}},{"start":{},"end":{}}],"line":61},"2":{"loc":{"start":{"line":102,"column":6},"end":{"line":106,"column":7}},"type":"if","locations":[{"start":{"line":102,"column":6},"end":{"line":106,"column":7}},{"start":{"line":104,"column":13},"end":{"line":106,"column":7}}],"line":102},"3":{"loc":{"start":{"line":107,"column":6},"end":{"line":110,"column":7}},"type":"if","locations":[{"start":{"line":107,"column":6},"end":{"line":110,"column":7}},{"start":{},"end":{}}],"line":107},"4":{"loc":{"start":{"line":111,"column":6},"end":{"line":114,"column":7}},"type":"if","locations":[{"start":{"line":111,"column":6},"end":{"line":114,"column":7}},{"start":{},"end":{}}],"line":111},"5":{"loc":{"start":{"line":115,"column":6},"end":{"line":118,"column":7}},"type":"if","locations":[{"start":{"line":115,"column":6},"end":{"line":118,"column":7}},{"start":{},"end":{}}],"line":115},"6":{"loc":{"start":{"line":145,"column":4},"end":{"line":145,"column":67}},"type":"if","locations":[{"start":{"line":145,"column":4},"end":{"line":145,"column":67}},{"start":{},"end":{}}],"line":145},"7":{"loc":{"start":{"line":189,"column":4},"end":{"line":189,"column":67}},"type":"if","locations":[{"start":{"line":189,"column":4},"end":{"line":189,"column":67}},{"start":{},"end":{}}],"line":189},"8":{"loc":{"start":{"line":208,"column":4},"end":{"line":208,"column":67}},"type":"if","locations":[{"start":{"line":208,"column":4},"end":{"line":208,"column":67}},{"start":{},"end":{}}],"line":208}},"s":{"0":6,"1":6,"2":6,"3":16,"4":16,"5":1,"6":15,"7":15,"8":15,"9":9,"10":1,"11":8,"12":8,"13":7,"14":8,"15":8,"16":8,"17":9,"18":5,"19":4,"20":9,"21":4,"22":4,"23":9,"24":3,"25":3,"26":9,"27":2,"28":2,"29":8,"30":5,"31":5,"32":5,"33":2,"34":3,"35":3,"36":3,"37":6,"38":5,"39":5,"40":5,"41":5,"42":5,"43":2,"44":3,"45":4,"46":4,"47":4,"48":2,"49":6},"f":{"0":16,"1":9,"2":8,"3":5,"4":6,"5":4},"b":{"0":[1,15],"1":[1,8],"2":[5,4],"3":[4,5],"4":[3,6],"5":[2,7],"6":[2,3],"7":[2,3],"8":[2,2]},"_coverageSchema":"1a1c01bbd47fc00a2c39e90264f33305004495a9","hash":"48b22088aa4b64fa4d2bf8643e6d09287a340e26"}
,"/Users/zhl/Desktop/R27_Class/W7-Node-Express/express-jobly/models/job.js": {"path":"/Users/zhl/Desktop/R27_Class/W7-Node-Express/express-jobly/models/job.js","statementMap":{"0":{"start":{"line":3,"column":11},"end":{"line":3,"column":27}},"1":{"start":{"line":4,"column":43},"end":{"line":4,"column":69}},"2":{"start":{"line":5,"column":32},"end":{"line":5,"column":57}},"3":{"start":{"line":19,"column":19},"end":{"line":34,"column":5}},"4":{"start":{"line":35,"column":16},"end":{"line":35,"column":30}},"5":{"start":{"line":37,"column":4},"end":{"line":37,"column":15}},"6":{"start":{"line":47,"column":46},"end":{"line":47,"column":72}},"7":{"start":{"line":49,"column":20},"end":{"line":53,"column":39}},"8":{"start":{"line":55,"column":4},"end":{"line":55,"column":24}},"9":{"start":{"line":73,"column":22},"end":{"line":73,"column":24}},"10":{"start":{"line":74,"column":27},"end":{"line":74,"column":29}},"11":{"start":{"line":76,"column":4},"end":{"line":93,"column":5}},"12":{"start":{"line":77,"column":6},"end":{"line":81,"column":7}},"13":{"start":{"line":78,"column":8},"end":{"line":78,"column":37}},"14":{"start":{"line":79,"column":13},"end":{"line":81,"column":7}},"15":{"start":{"line":80,"column":8},"end":{"line":80,"column":36}},"16":{"start":{"line":82,"column":6},"end":{"line":85,"column":7}},"17":{"start":{"line":83,"column":8},"end":{"line":83,"column":46}},"18":{"start":{"line":84,"column":8},"end":{"line":84,"column":65}},"19":{"start":{"line":86,"column":6},"end":{"line":89,"column":7}},"20":{"start":{"line":87,"column":8},"end":{"line":87,"column":43}},"21":{"start":{"line":88,"column":8},"end":{"line":88,"column":63}},"22":{"start":{"line":90,"column":6},"end":{"line":92,"column":7}},"23":{"start":{"line":91,"column":8},"end":{"line":91,"column":41}},"24":{"start":{"line":95,"column":4},"end":{"line":97,"column":6}},"25":{"start":{"line":96,"column":6},"end":{"line":96,"column":28}},"26":{"start":{"line":99,"column":4},"end":{"line":99,"column":45}},"27":{"start":{"line":111,"column":19},"end":{"line":115,"column":13}},"28":{"start":{"line":117,"column":16},"end":{"line":117,"column":30}},"29":{"start":{"line":119,"column":4},"end":{"line":119,"column":55}},"30":{"start":{"line":119,"column":14},"end":{"line":119,"column":55}},"31":{"start":{"line":121,"column":25},"end":{"line":129,"column":28}},"32":{"start":{"line":131,"column":4},"end":{"line":131,"column":39}},"33":{"start":{"line":133,"column":4},"end":{"line":133,"column":15}},"34":{"start":{"line":149,"column":32},"end":{"line":153,"column":8}},"35":{"start":{"line":154,"column":21},"end":{"line":154,"column":46}},"36":{"start":{"line":156,"column":21},"end":{"line":160,"column":79}},"37":{"start":{"line":162,"column":19},"end":{"line":162,"column":60}},"38":{"start":{"line":163,"column":16},"end":{"line":163,"column":30}},"39":{"start":{"line":165,"column":4},"end":{"line":165,"column":55}},"40":{"start":{"line":165,"column":14},"end":{"line":165,"column":55}},"41":{"start":{"line":167,"column":4},"end":{"line":167,"column":15}},"42":{"start":{"line":176,"column":19},"end":{"line":181,"column":11}},"43":{"start":{"line":182,"column":16},"end":{"line":182,"column":30}},"44":{"start":{"line":184,"column":4},"end":{"line":184,"column":59}},"45":{"start":{"line":184,"column":14},"end":{"line":184,"column":59}},"46":{"start":{"line":188,"column":0},"end":{"line":188,"column":21}}},"fnMap":{"0":{"name":"(anonymous_0)","decl":{"start":{"line":17,"column":2},"end":{"line":17,"column":3}},"loc":{"start":{"line":17,"column":64},"end":{"line":38,"column":3}},"line":17},"1":{"name":"(anonymous_1)","decl":{"start":{"line":45,"column":2},"end":{"line":45,"column":3}},"loc":{"start":{"line":45,"column":31},"end":{"line":56,"column":3}},"line":45},"2":{"name":"(anonymous_2)","decl":{"start":{"line":72,"column":2},"end":{"line":72,"column":3}},"loc":{"start":{"line":72,"column":32},"end":{"line":100,"column":3}},"line":72},"3":{"name":"(anonymous_3)","decl":{"start":{"line":110,"column":2},"end":{"line":110,"column":3}},"loc":{"start":{"line":110,"column":23},"end":{"line":134,"column":3}},"line":110},"4":{"name":"(anonymous_4)","decl":{"start":{"line":148,"column":2},"end":{"line":148,"column":3}},"loc":{"start":{"line":148,"column":32},"end":{"line":168,"column":3}},"line":148},"5":{"name":"(anonymous_5)","decl":{"start":{"line":175,"column":2},"end":{"line":175,"column":3}},"loc":{"start":{"line":175,"column":26},"end":{"line":185,"column":3}},"line":175}},"branchMap":{"0":{"loc":{"start":{"line":77,"column":6},"end":{"line":81,"column":7}},"type":"if","locations":[{"start":{"line":77,"column":6},"end":{"line":81,"column":7}},{"start":{"line":79,"column":13},"end":{"line":81,"column":7}}],"line":77},"1":{"loc":{"start":{"line":79,"column":13},"end":{"line":81,"column":7}},"type":"if","locations":[{"start":{"line":79,"column":13},"end":{"line":81,"column":7}},{"start":{},"end":{}}],"line":79},"2":{"loc":{"start":{"line":82,"column":6},"end":{"line":85,"column":7}},"type":"if","locations":[{"start":{"line":82,"column":6},"end":{"line":85,"column":7}},{"start":{},"end":{}}],"line":82},"3":{"loc":{"start":{"line":86,"column":6},"end":{"line":89,"column":7}},"type":"if","locations":[{"start":{"line":86,"column":6},"end":{"line":89,"column":7}},{"start":{},"end":{}}],"line":86},"4":{"loc":{"start":{"line":90,"column":6},"end":{"line":92,"column":7}},"type":"if","locations":[{"start":{"line":90,"column":6},"end":{"line":92,"column":7}},{"start":{},"end":{}}],"line":90},"5":{"loc":{"start":{"line":90,"column":10},"end":{"line":90,"column":58}},"type":"binary-expr","locations":[{"start":{"line":90,"column":10},"end":{"line":90,"column":29}},{"start":{"line":90,"column":33},"end":{"line":90,"column":58}}],"line":90},"6":{"loc":{"start":{"line":95,"column":4},"end":{"line":97,"column":6}},"type":"if","locations":[{"start":{"line":95,"column":4},"end":{"line":97,"column":6}},{"start":{},"end":{}}],"line":95},"7":{"loc":{"start":{"line":95,"column":8},"end":{"line":95,"column":62}},"type":"binary-expr","locations":[{"start":{"line":95,"column":8},"end":{"line":95,"column":34}},{"start":{"line":95,"column":38},"end":{"line":95,"column":62}}],"line":95},"8":{"loc":{"start":{"line":119,"column":4},"end":{"line":119,"column":55}},"type":"if","locations":[{"start":{"line":119,"column":4},"end":{"line":119,"column":55}},{"start":{},"end":{}}],"line":119},"9":{"loc":{"start":{"line":165,"column":4},"end":{"line":165,"column":55}},"type":"if","locations":[{"start":{"line":165,"column":4},"end":{"line":165,"column":55}},{"start":{},"end":{}}],"line":165},"10":{"loc":{"start":{"line":184,"column":4},"end":{"line":184,"column":59}},"type":"if","locations":[{"start":{"line":184,"column":4},"end":{"line":184,"column":59}},{"start":{},"end":{}}],"line":184}},"s":{"0":6,"1":6,"2":6,"3":14,"4":14,"5":14,"6":10,"7":10,"8":10,"9":10,"10":10,"11":10,"12":14,"13":8,"14":6,"15":5,"16":14,"17":5,"18":5,"19":14,"20":4,"21":4,"22":14,"23":3,"24":10,"25":1,"26":10,"27":4,"28":4,"29":4,"30":2,"31":2,"32":2,"33":2,"34":6,"35":5,"36":5,"37":5,"38":5,"39":5,"40":2,"41":3,"42":4,"43":4,"44":4,"45":2,"46":6},"f":{"0":14,"1":10,"2":10,"3":4,"4":6,"5":4},"b":{"0":[8,6],"1":[5,1],"2":[5,9],"3":[4,10],"4":[3,11],"5":[14,5],"6":[1,9],"7":[10,2],"8":[2,2],"9":[2,3],"10":[2,2]},"_coverageSchema":"1a1c01bbd47fc00a2c39e90264f33305004495a9","hash":"0748e820558cba11452858a26c6e240c2b46de43"}
,"/Users/zhl/Desktop/R27_Class/W7-Node-Express/express-jobly/models/user.js": {"path":"/Users/zhl/Desktop/R27_Class/W7-Node-Express/express-jobly/models/user.js","statementMap":{"0":{"start":{"line":3,"column":11},"end":{"line":3,"column":27}},"1":{"start":{"line":4,"column":15},"end":{"line":4,"column":32}},"2":{"start":{"line":5,"column":32},"end":{"line":5,"column":57}},"3":{"start":{"line":10,"column":4},"end":{"line":10,"column":30}},"4":{"start":{"line":12,"column":31},"end":{"line":12,"column":54}},"5":{"start":{"line":26,"column":19},"end":{"line":36,"column":5}},"6":{"start":{"line":38,"column":17},"end":{"line":38,"column":31}},"7":{"start":{"line":40,"column":4},"end":{"line":47,"column":5}},"8":{"start":{"line":42,"column":22},"end":{"line":42,"column":67}},"9":{"start":{"line":43,"column":6},"end":{"line":46,"column":7}},"10":{"start":{"line":44,"column":8},"end":{"line":44,"column":29}},"11":{"start":{"line":45,"column":8},"end":{"line":45,"column":20}},"12":{"start":{"line":49,"column":4},"end":{"line":49,"column":61}},"13":{"start":{"line":61,"column":27},"end":{"line":66,"column":5}},"14":{"start":{"line":68,"column":4},"end":{"line":70,"column":5}},"15":{"start":{"line":69,"column":6},"end":{"line":69,"column":67}},"16":{"start":{"line":72,"column":27},"end":{"line":72,"column":74}},"17":{"start":{"line":74,"column":19},"end":{"line":92,"column":5}},"18":{"start":{"line":94,"column":17},"end":{"line":94,"column":31}},"19":{"start":{"line":96,"column":4},"end":{"line":96,"column":16}},"20":{"start":{"line":105,"column":19},"end":{"line":113,"column":5}},"21":{"start":{"line":115,"column":4},"end":{"line":115,"column":23}},"22":{"start":{"line":127,"column":20},"end":{"line":136,"column":5}},"23":{"start":{"line":138,"column":17},"end":{"line":138,"column":32}},"24":{"start":{"line":140,"column":4},"end":{"line":140,"column":63}},"25":{"start":{"line":140,"column":15},"end":{"line":140,"column":63}},"26":{"start":{"line":142,"column":4},"end":{"line":142,"column":16}},"27":{"start":{"line":163,"column":4},"end":{"line":165,"column":5}},"28":{"start":{"line":164,"column":6},"end":{"line":164,"column":75}},"29":{"start":{"line":167,"column":32},"end":{"line":173,"column":10}},"30":{"start":{"line":174,"column":27},"end":{"line":174,"column":52}},"31":{"start":{"line":176,"column":21},"end":{"line":183,"column":54}},"32":{"start":{"line":184,"column":19},"end":{"line":184,"column":66}},"33":{"start":{"line":185,"column":17},"end":{"line":185,"column":31}},"34":{"start":{"line":187,"column":4},"end":{"line":187,"column":63}},"35":{"start":{"line":187,"column":15},"end":{"line":187,"column":63}},"36":{"start":{"line":189,"column":4},"end":{"line":189,"column":25}},"37":{"start":{"line":190,"column":4},"end":{"line":190,"column":16}},"38":{"start":{"line":196,"column":17},"end":{"line":202,"column":5}},"39":{"start":{"line":203,"column":17},"end":{"line":203,"column":31}},"40":{"start":{"line":205,"column":4},"end":{"line":205,"column":63}},"41":{"start":{"line":205,"column":15},"end":{"line":205,"column":63}},"42":{"start":{"line":210,"column":0},"end":{"line":210,"column":22}}},"fnMap":{"0":{"name":"(anonymous_0)","decl":{"start":{"line":24,"column":2},"end":{"line":24,"column":3}},"loc":{"start":{"line":24,"column":48},"end":{"line":50,"column":3}},"line":24},"1":{"name":"(anonymous_1)","decl":{"start":{"line":59,"column":2},"end":{"line":59,"column":3}},"loc":{"start":{"line":60,"column":67},"end":{"line":97,"column":3}},"line":60},"2":{"name":"(anonymous_2)","decl":{"start":{"line":104,"column":2},"end":{"line":104,"column":3}},"loc":{"start":{"line":104,"column":25},"end":{"line":116,"column":3}},"line":104},"3":{"name":"(anonymous_3)","decl":{"start":{"line":126,"column":2},"end":{"line":126,"column":3}},"loc":{"start":{"line":126,"column":29},"end":{"line":143,"column":3}},"line":126},"4":{"name":"(anonymous_4)","decl":{"start":{"line":162,"column":2},"end":{"line":162,"column":3}},"loc":{"start":{"line":162,"column":38},"end":{"line":191,"column":3}},"line":162},"5":{"name":"(anonymous_5)","decl":{"start":{"line":195,"column":2},"end":{"line":195,"column":3}},"loc":{"start":{"line":195,"column":32},"end":{"line":206,"column":3}},"line":195}},"branchMap":{"0":{"loc":{"start":{"line":40,"column":4},"end":{"line":47,"column":5}},"type":"if","locations":[{"start":{"line":40,"column":4},"end":{"line":47,"column":5}},{"start":{},"end":{}}],"line":40},"1":{"loc":{"start":{"line":43,"column":6},"end":{"line":46,"column":7}},"type":"if","locations":[{"start":{"line":43,"column":6},"end":{"line":46,"column":7}},{"start":{},"end":{}}],"line":43},"2":{"loc":{"start":{"line":68,"column":4},"end":{"line":70,"column":5}},"type":"if","locations":[{"start":{"line":68,"column":4},"end":{"line":70,"column":5}},{"start":{},"end":{}}],"line":68},"3":{"loc":{"start":{"line":140,"column":4},"end":{"line":140,"column":63}},"type":"if","locations":[{"start":{"line":140,"column":4},"end":{"line":140,"column":63}},{"start":{},"end":{}}],"line":140},"4":{"loc":{"start":{"line":163,"column":4},"end":{"line":165,"column":5}},"type":"if","locations":[{"start":{"line":163,"column":4},"end":{"line":165,"column":5}},{"start":{},"end":{}}],"line":163},"5":{"loc":{"start":{"line":187,"column":4},"end":{"line":187,"column":63}},"type":"if","locations":[{"start":{"line":187,"column":4},"end":{"line":187,"column":63}},{"start":{},"end":{}}],"line":187},"6":{"loc":{"start":{"line":205,"column":4},"end":{"line":205,"column":63}},"type":"if","locations":[{"start":{"line":205,"column":4},"end":{"line":205,"column":63}},{"start":{},"end":{}}],"line":205}},"s":{"0":6,"1":6,"2":6,"3":6,"4":6,"5":8,"6":8,"7":8,"8":5,"9":5,"10":4,"11":4,"12":4,"13":19,"14":19,"15":1,"16":18,"17":18,"18":18,"19":18,"20":3,"21":2,"22":5,"23":5,"24":5,"25":2,"26":3,"27":9,"28":3,"29":9,"30":8,"31":8,"32":8,"33":8,"34":8,"35":2,"36":6,"37":6,"38":5,"39":5,"40":5,"41":2,"42":6},"f":{"0":8,"1":19,"2":3,"3":5,"4":9,"5":5},"b":{"0":[5,3],"1":[4,1],"2":[1,18],"3":[2,3],"4":[3,6],"5":[2,6],"6":[2,3]},"_coverageSchema":"1a1c01bbd47fc00a2c39e90264f33305004495a9","hash":"bcf6d02923ad1380c55c7c6c8c37cffdf6ec9468"}
,"/Users/zhl/Desktop/R27_Class/W7-Node-Express/express-jobly/routes/_testCommon.js": {"path":"/Users/zhl/Desktop/R27_Class/W7-Node-Express/express-jobly/routes/_testCommon.js","statementMap":{"0":{"start":{"line":3,"column":11},"end":{"line":3,"column":30}},"1":{"start":{"line":4,"column":13},"end":{"line":4,"column":38}},"2":{"start":{"line":5,"column":16},"end":{"line":5,"column":44}},"3":{"start":{"line":6,"column":12},"end":{"line":6,"column":36}},"4":{"start":{"line":7,"column":24},"end":{"line":7,"column":52}},"5":{"start":{"line":9,"column":13},"end":{"line":9,"column":15}},"6":{"start":{"line":13,"column":2},"end":{"line":13,"column":37}},"7":{"start":{"line":15,"column":2},"end":{"line":15,"column":38}},"8":{"start":{"line":17,"column":2},"end":{"line":17,"column":42}},"9":{"start":{"line":19,"column":2},"end":{"line":26,"column":7}},"10":{"start":{"line":27,"column":2},"end":{"line":34,"column":7}},"11":{"start":{"line":35,"column":2},"end":{"line":42,"column":7}},"12":{"start":{"line":44,"column":2},"end":{"line":51,"column":5}},"13":{"start":{"line":52,"column":2},"end":{"line":59,"column":5}},"14":{"start":{"line":60,"column":2},"end":{"line":67,"column":5}},"15":{"start":{"line":69,"column":15},"end":{"line":74,"column":4}},"16":{"start":{"line":75,"column":15},"end":{"line":80,"column":4}},"17":{"start":{"line":81,"column":15},"end":{"line":86,"column":4}},"18":{"start":{"line":88,"column":2},"end":{"line":88,"column":41}},"19":{"start":{"line":92,"column":2},"end":{"line":92,"column":26}},"20":{"start":{"line":96,"column":2},"end":{"line":96,"column":29}},"21":{"start":{"line":100,"column":2},"end":{"line":100,"column":17}},"22":{"start":{"line":104,"column":16},"end":{"line":104,"column":63}},"23":{"start":{"line":105,"column":21},"end":{"line":105,"column":67}},"24":{"start":{"line":106,"column":16},"end":{"line":106,"column":63}},"25":{"start":{"line":109,"column":0},"end":{"line":118,"column":2}}},"fnMap":{"0":{"name":"commonBeforeAll","decl":{"start":{"line":11,"column":15},"end":{"line":11,"column":30}},"loc":{"start":{"line":11,"column":33},"end":{"line":89,"column":1}},"line":11},"1":{"name":"commonBeforeEach","decl":{"start":{"line":91,"column":15},"end":{"line":91,"column":31}},"loc":{"start":{"line":91,"column":34},"end":{"line":93,"column":1}},"line":91},"2":{"name":"commonAfterEach","decl":{"start":{"line":95,"column":15},"end":{"line":95,"column":30}},"loc":{"start":{"line":95,"column":33},"end":{"line":97,"column":1}},"line":95},"3":{"name":"commonAfterAll","decl":{"start":{"line":99,"column":15},"end":{"line":99,"column":29}},"loc":{"start":{"line":99,"column":32},"end":{"line":101,"column":1}},"line":99}},"branchMap":{},"s":{"0":4,"1":4,"2":4,"3":4,"4":4,"5":4,"6":4,"7":4,"8":4,"9":4,"10":4,"11":4,"12":4,"13":4,"14":4,"15":4,"16":4,"17":4,"18":4,"19":80,"20":80,"21":4,"22":4,"23":4,"24":4,"25":4},"f":{"0":4,"1":80,"2":80,"3":4},"b":{},"_coverageSchema":"1a1c01bbd47fc00a2c39e90264f33305004495a9","hash":"af50475d6e3ef94633a4bc0e6fba3c2ee688a579"}
,"/Users/zhl/Desktop/R27_Class/W7-Node-Express/express-jobly/routes/auth.js": {"path":"/Users/zhl/Desktop/R27_Class/W7-Node-Express/express-jobly/routes/auth.js","statementMap":{"0":{"start":{"line":5,"column":19},"end":{"line":5,"column":40}},"1":{"start":{"line":7,"column":13},"end":{"line":7,"column":38}},"2":{"start":{"line":8,"column":16},"end":{"line":8,"column":34}},"3":{"start":{"line":9,"column":15},"end":{"line":9,"column":35}},"4":{"start":{"line":10,"column":24},"end":{"line":10,"column":52}},"5":{"start":{"line":11,"column":23},"end":{"line":11,"column":58}},"6":{"start":{"line":12,"column":27},"end":{"line":12,"column":66}},"7":{"start":{"line":13,"column":28},"end":{"line":13,"column":54}},"8":{"start":{"line":22,"column":0},"end":{"line":37,"column":3}},"9":{"start":{"line":23,"column":20},"end":{"line":27,"column":3}},"10":{"start":{"line":28,"column":2},"end":{"line":31,"column":3}},"11":{"start":{"line":29,"column":17},"end":{"line":29,"column":51}},"12":{"start":{"line":29,"column":43},"end":{"line":29,"column":50}},"13":{"start":{"line":30,"column":4},"end":{"line":30,"column":36}},"14":{"start":{"line":33,"column":33},"end":{"line":33,"column":41}},"15":{"start":{"line":34,"column":15},"end":{"line":34,"column":58}},"16":{"start":{"line":35,"column":16},"end":{"line":35,"column":33}},"17":{"start":{"line":36,"column":2},"end":{"line":36,"column":29}},"18":{"start":{"line":49,"column":0},"end":{"line":63,"column":3}},"19":{"start":{"line":50,"column":20},"end":{"line":54,"column":3}},"20":{"start":{"line":55,"column":2},"end":{"line":58,"column":3}},"21":{"start":{"line":56,"column":17},"end":{"line":56,"column":51}},"22":{"start":{"line":56,"column":43},"end":{"line":56,"column":50}},"23":{"start":{"line":57,"column":4},"end":{"line":57,"column":36}},"24":{"start":{"line":60,"column":18},"end":{"line":60,"column":70}},"25":{"start":{"line":61,"column":16},"end":{"line":61,"column":36}},"26":{"start":{"line":62,"column":2},"end":{"line":62,"column":41}},"27":{"start":{"line":66,"column":0},"end":{"line":66,"column":24}}},"fnMap":{"0":{"name":"(anonymous_0)","decl":{"start":{"line":22,"column":22},"end":{"line":22,"column":23}},"loc":{"start":{"line":22,"column":54},"end":{"line":37,"column":1}},"line":22},"1":{"name":"(anonymous_1)","decl":{"start":{"line":29,"column":38},"end":{"line":29,"column":39}},"loc":{"start":{"line":29,"column":43},"end":{"line":29,"column":50}},"line":29},"2":{"name":"(anonymous_2)","decl":{"start":{"line":49,"column":25},"end":{"line":49,"column":26}},"loc":{"start":{"line":49,"column":57},"end":{"line":63,"column":1}},"line":49},"3":{"name":"(anonymous_3)","decl":{"start":{"line":56,"column":38},"end":{"line":56,"column":39}},"loc":{"start":{"line":56,"column":43},"end":{"line":56,"column":50}},"line":56}},"branchMap":{"0":{"loc":{"start":{"line":28,"column":2},"end":{"line":31,"column":3}},"type":"if","locations":[{"start":{"line":28,"column":2},"end":{"line":31,"column":3}},{"start":{},"end":{}}],"line":28},"1":{"loc":{"start":{"line":55,"column":2},"end":{"line":58,"column":3}},"type":"if","locations":[{"start":{"line":55,"column":2},"end":{"line":58,"column":3}},{"start":{},"end":{}}],"line":55}},"s":{"0":5,"1":5,"2":5,"3":5,"4":5,"5":5,"6":5,"7":5,"8":5,"9":5,"10":5,"11":2,"12":2,"13":2,"14":3,"15":3,"16":1,"17":1,"18":5,"19":3,"20":3,"21":2,"22":5,"23":2,"24":1,"25":1,"26":1,"27":5},"f":{"0":5,"1":2,"2":3,"3":5},"b":{"0":[2,3],"1":[2,1]},"_coverageSchema":"1a1c01bbd47fc00a2c39e90264f33305004495a9","hash":"13b1712ef4e0e4d6bebaa29ed1086f387bbac0d5"}
,"/Users/zhl/Desktop/R27_Class/W7-Node-Express/express-jobly/routes/companies.js": {"path":"/Users/zhl/Desktop/R27_Class/W7-Node-Express/express-jobly/routes/companies.js","statementMap":{"0":{"start":{"line":5,"column":19},"end":{"line":5,"column":40}},"1":{"start":{"line":6,"column":16},"end":{"line":6,"column":34}},"2":{"start":{"line":8,"column":28},"end":{"line":8,"column":54}},"3":{"start":{"line":9,"column":40},"end":{"line":9,"column":69}},"4":{"start":{"line":10,"column":16},"end":{"line":10,"column":44}},"5":{"start":{"line":12,"column":25},"end":{"line":12,"column":62}},"6":{"start":{"line":13,"column":28},"end":{"line":13,"column":68}},"7":{"start":{"line":14,"column":28},"end":{"line":14,"column":68}},"8":{"start":{"line":16,"column":15},"end":{"line":16,"column":35}},"9":{"start":{"line":28,"column":0},"end":{"line":41,"column":3}},"10":{"start":{"line":29,"column":20},"end":{"line":33,"column":3}},"11":{"start":{"line":34,"column":2},"end":{"line":37,"column":3}},"12":{"start":{"line":35,"column":17},"end":{"line":35,"column":51}},"13":{"start":{"line":35,"column":43},"end":{"line":35,"column":50}},"14":{"start":{"line":36,"column":4},"end":{"line":36,"column":36}},"15":{"start":{"line":39,"column":18},"end":{"line":39,"column":48}},"16":{"start":{"line":40,"column":2},"end":{"line":40,"column":43}},"17":{"start":{"line":54,"column":0},"end":{"line":76,"column":3}},"18":{"start":{"line":55,"column":17},"end":{"line":55,"column":26}},"19":{"start":{"line":58,"column":2},"end":{"line":58,"column":70}},"20":{"start":{"line":58,"column":27},"end":{"line":58,"column":70}},"21":{"start":{"line":59,"column":2},"end":{"line":59,"column":70}},"22":{"start":{"line":59,"column":27},"end":{"line":59,"column":70}},"23":{"start":{"line":62,"column":20},"end":{"line":66,"column":3}},"24":{"start":{"line":68,"column":2},"end":{"line":71,"column":3}},"25":{"start":{"line":69,"column":17},"end":{"line":69,"column":51}},"26":{"start":{"line":69,"column":43},"end":{"line":69,"column":50}},"27":{"start":{"line":70,"column":4},"end":{"line":70,"column":36}},"28":{"start":{"line":73,"column":20},"end":{"line":73,"column":49}},"29":{"start":{"line":75,"column":2},"end":{"line":75,"column":33}},"30":{"start":{"line":86,"column":0},"end":{"line":89,"column":3}},"31":{"start":{"line":87,"column":18},"end":{"line":87,"column":54}},"32":{"start":{"line":88,"column":2},"end":{"line":88,"column":31}},"33":{"start":{"line":102,"column":0},"end":{"line":115,"column":3}},"34":{"start":{"line":103,"column":20},"end":{"line":107,"column":3}},"35":{"start":{"line":108,"column":2},"end":{"line":111,"column":3}},"36":{"start":{"line":109,"column":17},"end":{"line":109,"column":51}},"37":{"start":{"line":109,"column":43},"end":{"line":109,"column":50}},"38":{"start":{"line":110,"column":4},"end":{"line":110,"column":36}},"39":{"start":{"line":113,"column":18},"end":{"line":113,"column":67}},"40":{"start":{"line":114,"column":2},"end":{"line":114,"column":31}},"41":{"start":{"line":122,"column":0},"end":{"line":125,"column":3}},"42":{"start":{"line":123,"column":2},"end":{"line":123,"column":42}},"43":{"start":{"line":124,"column":2},"end":{"line":124,"column":50}},"44":{"start":{"line":128,"column":0},"end":{"line":128,"column":24}}},"fnMap":{"0":{"name":"(anonymous_0)","decl":{"start":{"line":28,"column":30},"end":{"line":28,"column":31}},"loc":{"start":{"line":28,"column":62},"end":{"line":41,"column":1}},"line":28},"1":{"name":"(anonymous_1)","decl":{"start":{"line":35,"column":38},"end":{"line":35,"column":39}},"loc":{"start":{"line":35,"column":43},"end":{"line":35,"column":50}},"line":35},"2":{"name":"(anonymous_2)","decl":{"start":{"line":54,"column":16},"end":{"line":54,"column":17}},"loc":{"start":{"line":54,"column":48},"end":{"line":76,"column":1}},"line":54},"3":{"name":"(anonymous_3)","decl":{"start":{"line":69,"column":38},"end":{"line":69,"column":39}},"loc":{"start":{"line":69,"column":43},"end":{"line":69,"column":50}},"line":69},"4":{"name":"(anonymous_4)","decl":{"start":{"line":86,"column":23},"end":{"line":86,"column":24}},"loc":{"start":{"line":86,"column":55},"end":{"line":89,"column":1}},"line":86},"5":{"name":"(anonymous_5)","decl":{"start":{"line":102,"column":38},"end":{"line":102,"column":39}},"loc":{"start":{"line":102,"column":70},"end":{"line":115,"column":1}},"line":102},"6":{"name":"(anonymous_6)","decl":{"start":{"line":109,"column":38},"end":{"line":109,"column":39}},"loc":{"start":{"line":109,"column":43},"end":{"line":109,"column":50}},"line":109},"7":{"name":"(anonymous_7)","decl":{"start":{"line":122,"column":39},"end":{"line":122,"column":40}},"loc":{"start":{"line":122,"column":71},"end":{"line":125,"column":1}},"line":122}},"branchMap":{"0":{"loc":{"start":{"line":34,"column":2},"end":{"line":37,"column":3}},"type":"if","locations":[{"start":{"line":34,"column":2},"end":{"line":37,"column":3}},{"start":{},"end":{}}],"line":34},"1":{"loc":{"start":{"line":58,"column":2},"end":{"line":58,"column":70}},"type":"if","locations":[{"start":{"line":58,"column":2},"end":{"line":58,"column":70}},{"start":{},"end":{}}],"line":58},"2":{"loc":{"start":{"line":59,"column":2},"end":{"line":59,"column":70}},"type":"if","locations":[{"start":{"line":59,"column":2},"end":{"line":59,"column":70}},{"start":{},"end":{}}],"line":59},"3":{"loc":{"start":{"line":68,"column":2},"end":{"line":71,"column":3}},"type":"if","locations":[{"start":{"line":68,"column":2},"end":{"line":71,"column":3}},{"start":{},"end":{}}],"line":68},"4":{"loc":{"start":{"line":108,"column":2},"end":{"line":111,"column":3}},"type":"if","locations":[{"start":{"line":108,"column":2},"end":{"line":111,"column":3}},{"start":{},"end":{}}],"line":108}},"s":{"0":5,"1":5,"2":5,"3":5,"4":5,"5":5,"6":5,"7":5,"8":5,"9":5,"10":3,"11":3,"12":2,"13":3,"14":2,"15":1,"16":1,"17":5,"18":6,"19":6,"20":2,"21":6,"22":1,"23":6,"24":6,"25":2,"26":2,"27":2,"28":4,"29":3,"30":5,"31":3,"32":2,"33":5,"34":4,"35":4,"36":2,"37":2,"38":2,"39":2,"40":1,"41":5,"42":2,"43":1,"44":5},"f":{"0":3,"1":3,"2":6,"3":2,"4":3,"5":4,"6":2,"7":2},"b":{"0":[2,1],"1":[2,4],"2":[1,5],"3":[2,4],"4":[2,2]},"_coverageSchema":"1a1c01bbd47fc00a2c39e90264f33305004495a9","hash":"38952cd13bb766a32e06527dbf1dc074e7aeb5c6"}
,"/Users/zhl/Desktop/R27_Class/W7-Node-Express/express-jobly/routes/jobs.js": {"path":"/Users/zhl/Desktop/R27_Class/W7-Node-Express/express-jobly/routes/jobs.js","statementMap":{"0":{"start":{"line":5,"column":19},"end":{"line":5,"column":40}},"1":{"start":{"line":6,"column":16},"end":{"line":6,"column":34}},"2":{"start":{"line":8,"column":28},"end":{"line":8,"column":54}},"3":{"start":{"line":9,"column":40},"end":{"line":9,"column":69}},"4":{"start":{"line":10,"column":12},"end":{"line":10,"column":36}},"5":{"start":{"line":12,"column":21},"end":{"line":12,"column":54}},"6":{"start":{"line":13,"column":24},"end":{"line":13,"column":60}},"7":{"start":{"line":14,"column":24},"end":{"line":14,"column":60}},"8":{"start":{"line":16,"column":15},"end":{"line":16,"column":35}},"9":{"start":{"line":28,"column":0},"end":{"line":41,"column":3}},"10":{"start":{"line":29,"column":20},"end":{"line":33,"column":3}},"11":{"start":{"line":34,"column":2},"end":{"line":37,"column":3}},"12":{"start":{"line":35,"column":17},"end":{"line":35,"column":51}},"13":{"start":{"line":35,"column":43},"end":{"line":35,"column":50}},"14":{"start":{"line":36,"column":4},"end":{"line":36,"column":36}},"15":{"start":{"line":39,"column":14},"end":{"line":39,"column":40}},"16":{"start":{"line":40,"column":2},"end":{"line":40,"column":39}},"17":{"start":{"line":54,"column":0},"end":{"line":76,"column":3}},"18":{"start":{"line":55,"column":17},"end":{"line":55,"column":26}},"19":{"start":{"line":58,"column":2},"end":{"line":58,"column":61}},"20":{"start":{"line":58,"column":24},"end":{"line":58,"column":61}},"21":{"start":{"line":59,"column":2},"end":{"line":59,"column":87}},"22":{"start":{"line":59,"column":24},"end":{"line":59,"column":87}},"23":{"start":{"line":62,"column":20},"end":{"line":66,"column":3}},"24":{"start":{"line":68,"column":2},"end":{"line":71,"column":3}},"25":{"start":{"line":69,"column":17},"end":{"line":69,"column":51}},"26":{"start":{"line":69,"column":43},"end":{"line":69,"column":50}},"27":{"start":{"line":70,"column":4},"end":{"line":70,"column":36}},"28":{"start":{"line":73,"column":15},"end":{"line":73,"column":40}},"29":{"start":{"line":75,"column":2},"end":{"line":75,"column":28}},"30":{"start":{"line":86,"column":0},"end":{"line":89,"column":3}},"31":{"start":{"line":87,"column":14},"end":{"line":87,"column":42}},"32":{"start":{"line":88,"column":2},"end":{"line":88,"column":27}},"33":{"start":{"line":102,"column":1},"end":{"line":115,"column":3}},"34":{"start":{"line":103,"column":20},"end":{"line":107,"column":3}},"35":{"start":{"line":108,"column":2},"end":{"line":111,"column":3}},"36":{"start":{"line":109,"column":17},"end":{"line":109,"column":51}},"37":{"start":{"line":109,"column":43},"end":{"line":109,"column":50}},"38":{"start":{"line":110,"column":4},"end":{"line":110,"column":36}},"39":{"start":{"line":113,"column":14},"end":{"line":113,"column":55}},"40":{"start":{"line":114,"column":2},"end":{"line":114,"column":27}},"41":{"start":{"line":122,"column":1},"end":{"line":125,"column":3}},"42":{"start":{"line":123,"column":2},"end":{"line":123,"column":34}},"43":{"start":{"line":124,"column":2},"end":{"line":124,"column":46}},"44":{"start":{"line":127,"column":0},"end":{"line":127,"column":24}}},"fnMap":{"0":{"name":"(anonymous_0)","decl":{"start":{"line":28,"column":30},"end":{"line":28,"column":31}},"loc":{"start":{"line":28,"column":62},"end":{"line":41,"column":1}},"line":28},"1":{"name":"(anonymous_1)","decl":{"start":{"line":35,"column":38},"end":{"line":35,"column":39}},"loc":{"start":{"line":35,"column":43},"end":{"line":35,"column":50}},"line":35},"2":{"name":"(anonymous_2)","decl":{"start":{"line":54,"column":16},"end":{"line":54,"column":17}},"loc":{"start":{"line":54,"column":48},"end":{"line":76,"column":1}},"line":54},"3":{"name":"(anonymous_3)","decl":{"start":{"line":69,"column":38},"end":{"line":69,"column":39}},"loc":{"start":{"line":69,"column":43},"end":{"line":69,"column":50}},"line":69},"4":{"name":"(anonymous_4)","decl":{"start":{"line":86,"column":19},"end":{"line":86,"column":20}},"loc":{"start":{"line":86,"column":51},"end":{"line":89,"column":1}},"line":86},"5":{"name":"(anonymous_5)","decl":{"start":{"line":102,"column":35},"end":{"line":102,"column":36}},"loc":{"start":{"line":102,"column":67},"end":{"line":115,"column":1}},"line":102},"6":{"name":"(anonymous_6)","decl":{"start":{"line":109,"column":38},"end":{"line":109,"column":39}},"loc":{"start":{"line":109,"column":43},"end":{"line":109,"column":50}},"line":109},"7":{"name":"(anonymous_7)","decl":{"start":{"line":122,"column":36},"end":{"line":122,"column":37}},"loc":{"start":{"line":122,"column":68},"end":{"line":125,"column":1}},"line":122}},"branchMap":{"0":{"loc":{"start":{"line":34,"column":2},"end":{"line":37,"column":3}},"type":"if","locations":[{"start":{"line":34,"column":2},"end":{"line":37,"column":3}},{"start":{},"end":{}}],"line":34},"1":{"loc":{"start":{"line":58,"column":2},"end":{"line":58,"column":61}},"type":"if","locations":[{"start":{"line":58,"column":2},"end":{"line":58,"column":61}},{"start":{},"end":{}}],"line":58},"2":{"loc":{"start":{"line":59,"column":2},"end":{"line":59,"column":87}},"type":"if","locations":[{"start":{"line":59,"column":2},"end":{"line":59,"column":87}},{"start":{},"end":{}}],"line":59},"3":{"loc":{"start":{"line":68,"column":2},"end":{"line":71,"column":3}},"type":"if","locations":[{"start":{"line":68,"column":2},"end":{"line":71,"column":3}},{"start":{},"end":{}}],"line":68},"4":{"loc":{"start":{"line":108,"column":2},"end":{"line":111,"column":3}},"type":"if","locations":[{"start":{"line":108,"column":2},"end":{"line":111,"column":3}},{"start":{},"end":{}}],"line":108}},"s":{"0":5,"1":5,"2":5,"3":5,"4":5,"5":5,"6":5,"7":5,"8":5,"9":5,"10":3,"11":3,"12":2,"13":2,"14":2,"15":1,"16":1,"17":5,"18":5,"19":5,"20":2,"21":5,"22":1,"23":5,"24":5,"25":2,"26":2,"27":2,"28":3,"29":3,"30":5,"31":2,"32":1,"33":5,"34":4,"35":4,"36":2,"37":3,"38":2,"39":2,"40":1,"41":5,"42":2,"43":1,"44":5},"f":{"0":3,"1":2,"2":5,"3":2,"4":2,"5":4,"6":3,"7":2},"b":{"0":[2,1],"1":[2,3],"2":[1,4],"3":[2,3],"4":[2,2]},"_coverageSchema":"1a1c01bbd47fc00a2c39e90264f33305004495a9","hash":"17443bc4395f2d42d07403a709a326664413f479"}
,"/Users/zhl/Desktop/R27_Class/W7-Node-Express/express-jobly/routes/users.js": {"path":"/Users/zhl/Desktop/R27_Class/W7-Node-Express/express-jobly/routes/users.js","statementMap":{"0":{"start":{"line":5,"column":19},"end":{"line":5,"column":40}},"1":{"start":{"line":7,"column":16},"end":{"line":7,"column":34}},"2":{"start":{"line":8,"column":59},"end":{"line":8,"column":88}},"3":{"start":{"line":9,"column":28},"end":{"line":9,"column":54}},"4":{"start":{"line":10,"column":13},"end":{"line":10,"column":38}},"5":{"start":{"line":11,"column":24},"end":{"line":11,"column":52}},"6":{"start":{"line":12,"column":22},"end":{"line":12,"column":56}},"7":{"start":{"line":13,"column":25},"end":{"line":13,"column":62}},"8":{"start":{"line":15,"column":15},"end":{"line":15,"column":31}},"9":{"start":{"line":30,"column":0},"end":{"line":44,"column":3}},"10":{"start":{"line":31,"column":20},"end":{"line":35,"column":3}},"11":{"start":{"line":36,"column":2},"end":{"line":39,"column":3}},"12":{"start":{"line":37,"column":17},"end":{"line":37,"column":51}},"13":{"start":{"line":37,"column":43},"end":{"line":37,"column":50}},"14":{"start":{"line":38,"column":4},"end":{"line":38,"column":36}},"15":{"start":{"line":41,"column":15},"end":{"line":41,"column":44}},"16":{"start":{"line":42,"column":16},"end":{"line":42,"column":33}},"17":{"start":{"line":43,"column":2},"end":{"line":43,"column":47}},"18":{"start":{"line":54,"column":0},"end":{"line":57,"column":3}},"19":{"start":{"line":55,"column":16},"end":{"line":55,"column":36}},"20":{"start":{"line":56,"column":2},"end":{"line":56,"column":29}},"21":{"start":{"line":67,"column":0},"end":{"line":70,"column":3}},"22":{"start":{"line":68,"column":15},"end":{"line":68,"column":50}},"23":{"start":{"line":69,"column":2},"end":{"line":69,"column":28}},"24":{"start":{"line":83,"column":0},"end":{"line":96,"column":3}},"25":{"start":{"line":84,"column":20},"end":{"line":88,"column":3}},"26":{"start":{"line":89,"column":2},"end":{"line":92,"column":3}},"27":{"start":{"line":90,"column":17},"end":{"line":90,"column":51}},"28":{"start":{"line":90,"column":43},"end":{"line":90,"column":50}},"29":{"start":{"line":91,"column":4},"end":{"line":91,"column":36}},"30":{"start":{"line":94,"column":15},"end":{"line":94,"column":63}},"31":{"start":{"line":95,"column":2},"end":{"line":95,"column":28}},"32":{"start":{"line":104,"column":0},"end":{"line":107,"column":3}},"33":{"start":{"line":105,"column":2},"end":{"line":105,"column":41}},"34":{"start":{"line":106,"column":2},"end":{"line":106,"column":52}},"35":{"start":{"line":110,"column":0},"end":{"line":110,"column":24}}},"fnMap":{"0":{"name":"(anonymous_0)","decl":{"start":{"line":30,"column":30},"end":{"line":30,"column":31}},"loc":{"start":{"line":30,"column":62},"end":{"line":44,"column":1}},"line":30},"1":{"name":"(anonymous_1)","decl":{"start":{"line":37,"column":38},"end":{"line":37,"column":39}},"loc":{"start":{"line":37,"column":43},"end":{"line":37,"column":50}},"line":37},"2":{"name":"(anonymous_2)","decl":{"start":{"line":54,"column":29},"end":{"line":54,"column":30}},"loc":{"start":{"line":54,"column":61},"end":{"line":57,"column":1}},"line":54},"3":{"name":"(anonymous_3)","decl":{"start":{"line":67,"column":44},"end":{"line":67,"column":45}},"loc":{"start":{"line":67,"column":76},"end":{"line":70,"column":1}},"line":67},"4":{"name":"(anonymous_4)","decl":{"start":{"line":83,"column":46},"end":{"line":83,"column":47}},"loc":{"start":{"line":83,"column":78},"end":{"line":96,"column":1}},"line":83},"5":{"name":"(anonymous_5)","decl":{"start":{"line":90,"column":38},"end":{"line":90,"column":39}},"loc":{"start":{"line":90,"column":43},"end":{"line":90,"column":50}},"line":90},"6":{"name":"(anonymous_6)","decl":{"start":{"line":104,"column":47},"end":{"line":104,"column":48}},"loc":{"start":{"line":104,"column":79},"end":{"line":107,"column":1}},"line":104}},"branchMap":{"0":{"loc":{"start":{"line":36,"column":2},"end":{"line":39,"column":3}},"type":"if","locations":[{"start":{"line":36,"column":2},"end":{"line":39,"column":3}},{"start":{},"end":{}}],"line":36},"1":{"loc":{"start":{"line":89,"column":2},"end":{"line":92,"column":3}},"type":"if","locations":[{"start":{"line":89,"column":2},"end":{"line":92,"column":3}},{"start":{},"end":{}}],"line":89}},"s":{"0":5,"1":5,"2":5,"3":5,"4":5,"5":5,"6":5,"7":5,"8":5,"9":5,"10":4,"11":4,"12":2,"13":5,"14":2,"15":2,"16":2,"17":2,"18":5,"19":2,"20":1,"21":5,"22":3,"23":2,"24":5,"25":6,"26":6,"27":1,"28":1,"29":1,"30":5,"31":4,"32":5,"33":3,"34":2,"35":5},"f":{"0":4,"1":5,"2":2,"3":3,"4":6,"5":1,"6":3},"b":{"0":[2,2],"1":[1,5]},"_coverageSchema":"1a1c01bbd47fc00a2c39e90264f33305004495a9","hash":"c8e3e9a125ae15ffe4883faa7e6cfdea5cf51cd3"}
}
