{"/Users/zhl/Desktop/R27_Class/Week-7-Node-Express/express-jobly/app.js": {"path":"/Users/zhl/Desktop/R27_Class/Week-7-Node-Express/express-jobly/app.js","statementMap":{"0":{"start":{"line":5,"column":16},"end":{"line":5,"column":34}},"1":{"start":{"line":6,"column":13},"end":{"line":6,"column":28}},"2":{"start":{"line":8,"column":26},"end":{"line":8,"column":51}},"3":{"start":{"line":10,"column":28},"end":{"line":10,"column":56}},"4":{"start":{"line":11,"column":19},"end":{"line":11,"column":43}},"5":{"start":{"line":12,"column":24},"end":{"line":12,"column":53}},"6":{"start":{"line":13,"column":20},"end":{"line":13,"column":45}},"7":{"start":{"line":14,"column":19},"end":{"line":14,"column":43}},"8":{"start":{"line":16,"column":15},"end":{"line":16,"column":32}},"9":{"start":{"line":18,"column":12},"end":{"line":18,"column":21}},"10":{"start":{"line":20,"column":0},"end":{"line":20,"column":16}},"11":{"start":{"line":21,"column":0},"end":{"line":21,"column":24}},"12":{"start":{"line":22,"column":0},"end":{"line":22,"column":24}},"13":{"start":{"line":23,"column":0},"end":{"line":23,"column":25}},"14":{"start":{"line":25,"column":0},"end":{"line":25,"column":29}},"15":{"start":{"line":26,"column":0},"end":{"line":26,"column":39}},"16":{"start":{"line":27,"column":0},"end":{"line":27,"column":31}},"17":{"start":{"line":28,"column":0},"end":{"line":28,"column":29}},"18":{"start":{"line":32,"column":0},"end":{"line":34,"column":3}},"19":{"start":{"line":33,"column":2},"end":{"line":33,"column":28}},"20":{"start":{"line":37,"column":0},"end":{"line":45,"column":3}},"21":{"start":{"line":38,"column":2},"end":{"line":38,"column":64}},"22":{"start":{"line":38,"column":39},"end":{"line":38,"column":64}},"23":{"start":{"line":39,"column":17},"end":{"line":39,"column":34}},"24":{"start":{"line":40,"column":18},"end":{"line":40,"column":29}},"25":{"start":{"line":42,"column":2},"end":{"line":44,"column":5}},"26":{"start":{"line":47,"column":0},"end":{"line":47,"column":21}}},"fnMap":{"0":{"name":"(anonymous_0)","decl":{"start":{"line":32,"column":8},"end":{"line":32,"column":9}},"loc":{"start":{"line":32,"column":34},"end":{"line":34,"column":1}},"line":32},"1":{"name":"(anonymous_1)","decl":{"start":{"line":37,"column":8},"end":{"line":37,"column":9}},"loc":{"start":{"line":37,"column":39},"end":{"line":45,"column":1}},"line":37}},"branchMap":{"0":{"loc":{"start":{"line":38,"column":2},"end":{"line":38,"column":64}},"type":"if","locations":[{"start":{"line":38,"column":2},"end":{"line":38,"column":64}},{"start":{},"end":{}}],"line":38},"1":{"loc":{"start":{"line":39,"column":17},"end":{"line":39,"column":34}},"type":"binary-expr","locations":[{"start":{"line":39,"column":17},"end":{"line":39,"column":27}},{"start":{"line":39,"column":31},"end":{"line":39,"column":34}}],"line":39}},"s":{"0":5,"1":5,"2":5,"3":5,"4":5,"5":5,"6":5,"7":5,"8":5,"9":5,"10":5,"11":5,"12":5,"13":5,"14":5,"15":5,"16":5,"17":5,"18":5,"19":2,"20":5,"21":43,"22":1,"23":43,"24":43,"25":43,"26":5},"f":{"0":2,"1":43},"b":{"0":[1,42],"1":[43,2]},"_coverageSchema":"1a1c01bbd47fc00a2c39e90264f33305004495a9","hash":"61fee7be0ebcf8489a70f7794dfda2aecb2009f8"}
,"/Users/zhl/Desktop/R27_Class/Week-7-Node-Express/express-jobly/config.js": {"path":"/Users/zhl/Desktop/R27_Class/Week-7-Node-Express/express-jobly/config.js","statementMap":{"0":{"start":{"line":5,"column":0},"end":{"line":5,"column":27}},"1":{"start":{"line":6,"column":0},"end":{"line":6,"column":18}},"2":{"start":{"line":8,"column":19},"end":{"line":8,"column":57}},"3":{"start":{"line":10,"column":13},"end":{"line":10,"column":38}},"4":{"start":{"line":14,"column":2},"end":{"line":16,"column":44}},"5":{"start":{"line":22,"column":27},"end":{"line":22,"column":67}},"6":{"start":{"line":24,"column":0},"end":{"line":24,"column":35}},"7":{"start":{"line":25,"column":0},"end":{"line":25,"column":46}},"8":{"start":{"line":26,"column":0},"end":{"line":26,"column":45}},"9":{"start":{"line":27,"column":0},"end":{"line":27,"column":61}},"10":{"start":{"line":28,"column":0},"end":{"line":28,"column":50}},"11":{"start":{"line":29,"column":0},"end":{"line":29,"column":19}},"12":{"start":{"line":31,"column":0},"end":{"line":36,"column":2}}},"fnMap":{"0":{"name":"getDatabaseUri","decl":{"start":{"line":13,"column":9},"end":{"line":13,"column":23}},"loc":{"start":{"line":13,"column":26},"end":{"line":17,"column":1}},"line":13}},"branchMap":{"0":{"loc":{"start":{"line":8,"column":19},"end":{"line":8,"column":57}},"type":"binary-expr","locations":[{"start":{"line":8,"column":19},"end":{"line":8,"column":41}},{"start":{"line":8,"column":45},"end":{"line":8,"column":57}}],"line":8},"1":{"loc":{"start":{"line":10,"column":13},"end":{"line":10,"column":38}},"type":"binary-expr","locations":[{"start":{"line":10,"column":13},"end":{"line":10,"column":30}},{"start":{"line":10,"column":34},"end":{"line":10,"column":38}}],"line":10},"2":{"loc":{"start":{"line":14,"column":9},"end":{"line":16,"column":43}},"type":"cond-expr","locations":[{"start":{"line":15,"column":8},"end":{"line":15,"column":20}},{"start":{"line":16,"column":8},"end":{"line":16,"column":43}}],"line":14},"3":{"loc":{"start":{"line":16,"column":8},"end":{"line":16,"column":43}},"type":"binary-expr","locations":[{"start":{"line":16,"column":8},"end":{"line":16,"column":32}},{"start":{"line":16,"column":36},"end":{"line":16,"column":43}}],"line":16},"4":{"loc":{"start":{"line":22,"column":27},"end":{"line":22,"column":67}},"type":"cond-expr","locations":[{"start":{"line":22,"column":61},"end":{"line":22,"column":62}},{"start":{"line":22,"column":65},"end":{"line":22,"column":67}}],"line":22}},"s":{"0":11,"1":11,"2":11,"3":11,"4":22,"5":11,"6":11,"7":11,"8":11,"9":11,"10":11,"11":11,"12":11},"f":{"0":22},"b":{"0":[11,10],"1":[11,10],"2":[19,3],"3":[3,1],"4":[10,1]},"_coverageSchema":"1a1c01bbd47fc00a2c39e90264f33305004495a9","hash":"7266302cad6a2fffbcc68bbc94bd5ee21d859dd2"}
,"/Users/zhl/Desktop/R27_Class/Week-7-Node-Express/express-jobly/db.js": {"path":"/Users/zhl/Desktop/R27_Class/Week-7-Node-Express/express-jobly/db.js","statementMap":{"0":{"start":{"line":5,"column":19},"end":{"line":5,"column":32}},"1":{"start":{"line":6,"column":27},"end":{"line":6,"column":46}},"2":{"start":{"line":8,"column":11},"end":{"line":10,"column":2}},"3":{"start":{"line":12,"column":0},"end":{"line":12,"column":13}},"4":{"start":{"line":14,"column":0},"end":{"line":14,"column":20}}},"fnMap":{},"branchMap":{},"s":{"0":8,"1":8,"2":8,"3":8,"4":8},"f":{},"b":{},"_coverageSchema":"1a1c01bbd47fc00a2c39e90264f33305004495a9","hash":"b16f8657e41dba5dfc125f745979b1f25da82504"}
,"/Users/zhl/Desktop/R27_Class/Week-7-Node-Express/express-jobly/expressError.js": {"path":"/Users/zhl/Desktop/R27_Class/Week-7-Node-Express/express-jobly/expressError.js","statementMap":{"0":{"start":{"line":9,"column":4},"end":{"line":9,"column":12}},"1":{"start":{"line":10,"column":4},"end":{"line":10,"column":27}},"2":{"start":{"line":11,"column":4},"end":{"line":11,"column":25}},"3":{"start":{"line":19,"column":4},"end":{"line":19,"column":24}},"4":{"start":{"line":27,"column":4},"end":{"line":27,"column":24}},"5":{"start":{"line":35,"column":4},"end":{"line":35,"column":24}},"6":{"start":{"line":43,"column":4},"end":{"line":43,"column":24}},"7":{"start":{"line":47,"column":0},"end":{"line":53,"column":2}}},"fnMap":{"0":{"name":"(anonymous_0)","decl":{"start":{"line":8,"column":2},"end":{"line":8,"column":3}},"loc":{"start":{"line":8,"column":31},"end":{"line":12,"column":3}},"line":8},"1":{"name":"(anonymous_1)","decl":{"start":{"line":18,"column":2},"end":{"line":18,"column":3}},"loc":{"start":{"line":18,"column":37},"end":{"line":20,"column":3}},"line":18},"2":{"name":"(anonymous_2)","decl":{"start":{"line":26,"column":2},"end":{"line":26,"column":3}},"loc":{"start":{"line":26,"column":40},"end":{"line":28,"column":3}},"line":26},"3":{"name":"(anonymous_3)","decl":{"start":{"line":34,"column":2},"end":{"line":34,"column":3}},"loc":{"start":{"line":34,"column":39},"end":{"line":36,"column":3}},"line":34},"4":{"name":"(anonymous_4)","decl":{"start":{"line":42,"column":2},"end":{"line":42,"column":3}},"loc":{"start":{"line":42,"column":39},"end":{"line":44,"column":3}},"line":42}},"branchMap":{"0":{"loc":{"start":{"line":18,"column":14},"end":{"line":18,"column":35}},"type":"default-arg","locations":[{"start":{"line":18,"column":24},"end":{"line":18,"column":35}}],"line":18},"1":{"loc":{"start":{"line":26,"column":14},"end":{"line":26,"column":38}},"type":"default-arg","locations":[{"start":{"line":26,"column":24},"end":{"line":26,"column":38}}],"line":26},"2":{"loc":{"start":{"line":34,"column":14},"end":{"line":34,"column":37}},"type":"default-arg","locations":[{"start":{"line":34,"column":24},"end":{"line":34,"column":37}}],"line":34},"3":{"loc":{"start":{"line":42,"column":14},"end":{"line":42,"column":37}},"type":"default-arg","locations":[{"start":{"line":42,"column":24},"end":{"line":42,"column":37}}],"line":42}},"s":{"0":64,"1":64,"2":64,"3":17,"4":25,"5":22,"6":0,"7":10},"f":{"0":64,"1":17,"2":25,"3":22,"4":0},"b":{"0":[2],"1":[21],"2":[0],"3":[0]},"_coverageSchema":"1a1c01bbd47fc00a2c39e90264f33305004495a9","hash":"42742e367f0e715544cbf3d6ee0a160db0db1adc"}
,"/Users/zhl/Desktop/R27_Class/Week-7-Node-Express/express-jobly/helpers/sql.js": {"path":"/Users/zhl/Desktop/R27_Class/Week-7-Node-Express/express-jobly/helpers/sql.js","statementMap":{"0":{"start":{"line":1,"column":28},"end":{"line":1,"column":54}},"1":{"start":{"line":26,"column":15},"end":{"line":26,"column":40}},"2":{"start":{"line":27,"column":2},"end":{"line":27,"column":62}},"3":{"start":{"line":27,"column":25},"end":{"line":27,"column":62}},"4":{"start":{"line":30,"column":15},"end":{"line":32,"column":3}},"5":{"start":{"line":31,"column":4},"end":{"line":31,"column":50}},"6":{"start":{"line":34,"column":2},"end":{"line":37,"column":4}},"7":{"start":{"line":40,"column":0},"end":{"line":40,"column":41}}},"fnMap":{"0":{"name":"sqlForPartialUpdate","decl":{"start":{"line":25,"column":9},"end":{"line":25,"column":28}},"loc":{"start":{"line":25,"column":52},"end":{"line":38,"column":1}},"line":25},"1":{"name":"(anonymous_1)","decl":{"start":{"line":30,"column":24},"end":{"line":30,"column":25}},"loc":{"start":{"line":31,"column":4},"end":{"line":31,"column":50}},"line":31}},"branchMap":{"0":{"loc":{"start":{"line":27,"column":2},"end":{"line":27,"column":62}},"type":"if","locations":[{"start":{"line":27,"column":2},"end":{"line":27,"column":62}},{"start":{},"end":{}}],"line":27},"1":{"loc":{"start":{"line":31,"column":8},"end":{"line":31,"column":35}},"type":"binary-expr","locations":[{"start":{"line":31,"column":8},"end":{"line":31,"column":24}},{"start":{"line":31,"column":28},"end":{"line":31,"column":35}}],"line":31}},"s":{"0":9,"1":21,"2":21,"3":4,"4":17,"5":39,"6":17,"7":9},"f":{"0":21,"1":39},"b":{"0":[4,17],"1":[39,23]},"_coverageSchema":"1a1c01bbd47fc00a2c39e90264f33305004495a9","hash":"aa2bd46f363349531da91aeaa512a801b6392777"}
,"/Users/zhl/Desktop/R27_Class/Week-7-Node-Express/express-jobly/helpers/tokens.js": {"path":"/Users/zhl/Desktop/R27_Class/Week-7-Node-Express/express-jobly/helpers/tokens.js","statementMap":{"0":{"start":{"line":1,"column":12},"end":{"line":1,"column":35}},"1":{"start":{"line":2,"column":23},"end":{"line":2,"column":43}},"2":{"start":{"line":7,"column":2},"end":{"line":8,"column":58}},"3":{"start":{"line":10,"column":16},"end":{"line":13,"column":3}},"4":{"start":{"line":15,"column":2},"end":{"line":15,"column":39}},"5":{"start":{"line":18,"column":0},"end":{"line":18,"column":33}}},"fnMap":{"0":{"name":"createToken","decl":{"start":{"line":6,"column":9},"end":{"line":6,"column":20}},"loc":{"start":{"line":6,"column":27},"end":{"line":16,"column":1}},"line":6}},"branchMap":{"0":{"loc":{"start":{"line":12,"column":13},"end":{"line":12,"column":34}},"type":"binary-expr","locations":[{"start":{"line":12,"column":13},"end":{"line":12,"column":25}},{"start":{"line":12,"column":29},"end":{"line":12,"column":34}}],"line":12}},"s":{"0":6,"1":6,"2":19,"3":19,"4":19,"5":6},"f":{"0":19},"b":{"0":[19,13]},"_coverageSchema":"1a1c01bbd47fc00a2c39e90264f33305004495a9","hash":"0a0d1c9398a01b56ba3bc28b6e47b77cbe8d999e"}
,"/Users/zhl/Desktop/R27_Class/Week-7-Node-Express/express-jobly/middleware/auth.js": {"path":"/Users/zhl/Desktop/R27_Class/Week-7-Node-Express/express-jobly/middleware/auth.js","statementMap":{"0":{"start":{"line":5,"column":12},"end":{"line":5,"column":35}},"1":{"start":{"line":6,"column":23},"end":{"line":6,"column":43}},"2":{"start":{"line":7,"column":30},"end":{"line":7,"column":56}},"3":{"start":{"line":19,"column":2},"end":{"line":28,"column":3}},"4":{"start":{"line":20,"column":23},"end":{"line":20,"column":63}},"5":{"start":{"line":21,"column":4},"end":{"line":24,"column":5}},"6":{"start":{"line":22,"column":20},"end":{"line":22,"column":64}},"7":{"start":{"line":23,"column":6},"end":{"line":23,"column":54}},"8":{"start":{"line":25,"column":4},"end":{"line":25,"column":18}},"9":{"start":{"line":27,"column":4},"end":{"line":27,"column":18}},"10":{"start":{"line":37,"column":2},"end":{"line":42,"column":3}},"11":{"start":{"line":38,"column":4},"end":{"line":38,"column":56}},"12":{"start":{"line":38,"column":26},"end":{"line":38,"column":56}},"13":{"start":{"line":39,"column":4},"end":{"line":39,"column":18}},"14":{"start":{"line":41,"column":4},"end":{"line":41,"column":21}},"15":{"start":{"line":53,"column":15},"end":{"line":53,"column":30}},"16":{"start":{"line":54,"column":2},"end":{"line":56,"column":3}},"17":{"start":{"line":55,"column":4},"end":{"line":55,"column":34}},"18":{"start":{"line":57,"column":2},"end":{"line":57,"column":16}},"19":{"start":{"line":66,"column":15},"end":{"line":66,"column":30}},"20":{"start":{"line":67,"column":19},"end":{"line":67,"column":38}},"21":{"start":{"line":68,"column":2},"end":{"line":68,"column":43}},"22":{"start":{"line":68,"column":13},"end":{"line":68,"column":43}},"23":{"start":{"line":70,"column":2},"end":{"line":72,"column":3}},"24":{"start":{"line":71,"column":4},"end":{"line":71,"column":18}},"25":{"start":{"line":74,"column":2},"end":{"line":74,"column":32}},"26":{"start":{"line":77,"column":0},"end":{"line":82,"column":2}}},"fnMap":{"0":{"name":"authenticateJWT","decl":{"start":{"line":18,"column":9},"end":{"line":18,"column":24}},"loc":{"start":{"line":18,"column":41},"end":{"line":29,"column":1}},"line":18},"1":{"name":"ensureLoggedIn","decl":{"start":{"line":36,"column":9},"end":{"line":36,"column":23}},"loc":{"start":{"line":36,"column":40},"end":{"line":43,"column":1}},"line":36},"2":{"name":"ensureAdmin","decl":{"start":{"line":52,"column":9},"end":{"line":52,"column":20}},"loc":{"start":{"line":52,"column":37},"end":{"line":58,"column":1}},"line":52},"3":{"name":"ensureUserOrAdmin","decl":{"start":{"line":65,"column":9},"end":{"line":65,"column":26}},"loc":{"start":{"line":65,"column":43},"end":{"line":75,"column":1}},"line":65}},"branchMap":{"0":{"loc":{"start":{"line":20,"column":23},"end":{"line":20,"column":63}},"type":"binary-expr","locations":[{"start":{"line":20,"column":23},"end":{"line":20,"column":34}},{"start":{"line":20,"column":38},"end":{"line":20,"column":63}}],"line":20},"1":{"loc":{"start":{"line":21,"column":4},"end":{"line":24,"column":5}},"type":"if","locations":[{"start":{"line":21,"column":4},"end":{"line":24,"column":5}},{"start":{},"end":{}}],"line":21},"2":{"loc":{"start":{"line":38,"column":4},"end":{"line":38,"column":56}},"type":"if","locations":[{"start":{"line":38,"column":4},"end":{"line":38,"column":56}},{"start":{},"end":{}}],"line":38},"3":{"loc":{"start":{"line":54,"column":2},"end":{"line":56,"column":3}},"type":"if","locations":[{"start":{"line":54,"column":2},"end":{"line":56,"column":3}},{"start":{},"end":{}}],"line":54},"4":{"loc":{"start":{"line":54,"column":6},"end":{"line":54,"column":36}},"type":"binary-expr","locations":[{"start":{"line":54,"column":6},"end":{"line":54,"column":11}},{"start":{"line":54,"column":15},"end":{"line":54,"column":36}}],"line":54},"5":{"loc":{"start":{"line":68,"column":2},"end":{"line":68,"column":43}},"type":"if","locations":[{"start":{"line":68,"column":2},"end":{"line":68,"column":43}},{"start":{},"end":{}}],"line":68},"6":{"loc":{"start":{"line":70,"column":2},"end":{"line":72,"column":3}},"type":"if","locations":[{"start":{"line":70,"column":2},"end":{"line":72,"column":3}},{"start":{},"end":{}}],"line":70},"7":{"loc":{"start":{"line":70,"column":6},"end":{"line":70,"column":57}},"type":"binary-expr","locations":[{"start":{"line":70,"column":6},"end":{"line":70,"column":27}},{"start":{"line":70,"column":31},"end":{"line":70,"column":57}}],"line":70}},"s":{"0":6,"1":6,"2":6,"3":71,"4":71,"5":71,"6":42,"7":42,"8":70,"9":1,"10":2,"11":2,"12":1,"13":1,"14":1,"15":31,"16":31,"17":12,"18":19,"19":22,"20":22,"21":22,"22":4,"23":18,"24":14,"25":4,"26":6},"f":{"0":71,"1":2,"2":31,"3":22},"b":{"0":[71,70],"1":[42,29],"2":[1,1],"3":[12,19],"4":[31,26],"5":[4,18],"6":[14,4],"7":[18,9]},"_coverageSchema":"1a1c01bbd47fc00a2c39e90264f33305004495a9","hash":"d1d1b8569f097dac19f8e8604033e3832e1156a9"}
,"/Users/zhl/Desktop/R27_Class/Week-7-Node-Express/express-jobly/models/_testCommon.js": {"path":"/Users/zhl/Desktop/R27_Class/Week-7-Node-Express/express-jobly/models/_testCommon.js","statementMap":{"0":{"start":{"line":1,"column":15},"end":{"line":1,"column":32}},"1":{"start":{"line":3,"column":11},"end":{"line":3,"column":30}},"2":{"start":{"line":4,"column":31},"end":{"line":4,"column":51}},"3":{"start":{"line":6,"column":13},"end":{"line":6,"column":15}},"4":{"start":{"line":10,"column":2},"end":{"line":10,"column":37}},"5":{"start":{"line":12,"column":2},"end":{"line":12,"column":42}},"6":{"start":{"line":14,"column":2},"end":{"line":14,"column":38}},"7":{"start":{"line":16,"column":2},"end":{"line":20,"column":55}},"8":{"start":{"line":22,"column":2},"end":{"line":34,"column":7}},"9":{"start":{"line":36,"column":18},"end":{"line":41,"column":26}},"10":{"start":{"line":43,"column":2},"end":{"line":43,"column":74}},"11":{"start":{"line":47,"column":2},"end":{"line":47,"column":26}},"12":{"start":{"line":51,"column":2},"end":{"line":51,"column":29}},"13":{"start":{"line":55,"column":2},"end":{"line":55,"column":17}},"14":{"start":{"line":59,"column":0},"end":{"line":65,"column":2}}},"fnMap":{"0":{"name":"commonBeforeAll","decl":{"start":{"line":8,"column":15},"end":{"line":8,"column":30}},"loc":{"start":{"line":8,"column":33},"end":{"line":44,"column":1}},"line":8},"1":{"name":"commonBeforeEach","decl":{"start":{"line":46,"column":15},"end":{"line":46,"column":31}},"loc":{"start":{"line":46,"column":34},"end":{"line":48,"column":1}},"line":46},"2":{"name":"commonAfterEach","decl":{"start":{"line":50,"column":15},"end":{"line":50,"column":30}},"loc":{"start":{"line":50,"column":33},"end":{"line":52,"column":1}},"line":50},"3":{"name":"commonAfterAll","decl":{"start":{"line":54,"column":15},"end":{"line":54,"column":29}},"loc":{"start":{"line":54,"column":32},"end":{"line":56,"column":1}},"line":54}},"branchMap":{},"s":{"0":3,"1":3,"2":3,"3":3,"4":3,"5":3,"6":3,"7":3,"8":3,"9":3,"10":3,"11":46,"12":46,"13":3,"14":3},"f":{"0":3,"1":46,"2":46,"3":3},"b":{},"_coverageSchema":"1a1c01bbd47fc00a2c39e90264f33305004495a9","hash":"0bf98459953838342c978ffa0fd85a3b5ec60ba8"}
,"/Users/zhl/Desktop/R27_Class/Week-7-Node-Express/express-jobly/models/company.js": {"path":"/Users/zhl/Desktop/R27_Class/Week-7-Node-Express/express-jobly/models/company.js","statementMap":{"0":{"start":{"line":3,"column":11},"end":{"line":3,"column":27}},"1":{"start":{"line":4,"column":43},"end":{"line":4,"column":69}},"2":{"start":{"line":5,"column":32},"end":{"line":5,"column":57}},"3":{"start":{"line":20,"column":27},"end":{"line":24,"column":15}},"4":{"start":{"line":26,"column":4},"end":{"line":27,"column":64}},"5":{"start":{"line":27,"column":6},"end":{"line":27,"column":64}},"6":{"start":{"line":29,"column":19},"end":{"line":46,"column":5}},"7":{"start":{"line":47,"column":20},"end":{"line":47,"column":34}},"8":{"start":{"line":49,"column":4},"end":{"line":49,"column":19}},"9":{"start":{"line":72,"column":4},"end":{"line":76,"column":5}},"10":{"start":{"line":73,"column":6},"end":{"line":75,"column":8}},"11":{"start":{"line":78,"column":46},"end":{"line":78,"column":76}},"12":{"start":{"line":80,"column":25},"end":{"line":88,"column":41}},"13":{"start":{"line":90,"column":4},"end":{"line":90,"column":29}},"14":{"start":{"line":110,"column":22},"end":{"line":110,"column":24}},"15":{"start":{"line":111,"column":27},"end":{"line":111,"column":29}},"16":{"start":{"line":113,"column":4},"end":{"line":131,"column":5}},"17":{"start":{"line":114,"column":6},"end":{"line":118,"column":7}},"18":{"start":{"line":115,"column":8},"end":{"line":115,"column":37}},"19":{"start":{"line":117,"column":8},"end":{"line":117,"column":36}},"20":{"start":{"line":119,"column":6},"end":{"line":122,"column":7}},"21":{"start":{"line":120,"column":8},"end":{"line":120,"column":49}},"22":{"start":{"line":121,"column":8},"end":{"line":121,"column":64}},"23":{"start":{"line":123,"column":6},"end":{"line":126,"column":7}},"24":{"start":{"line":124,"column":8},"end":{"line":124,"column":46}},"25":{"start":{"line":125,"column":8},"end":{"line":125,"column":70}},"26":{"start":{"line":127,"column":6},"end":{"line":130,"column":7}},"27":{"start":{"line":128,"column":8},"end":{"line":128,"column":46}},"28":{"start":{"line":129,"column":8},"end":{"line":129,"column":70}},"29":{"start":{"line":133,"column":4},"end":{"line":133,"column":45}},"30":{"start":{"line":145,"column":23},"end":{"line":153,"column":15}},"31":{"start":{"line":155,"column":20},"end":{"line":155,"column":38}},"32":{"start":{"line":157,"column":4},"end":{"line":157,"column":67}},"33":{"start":{"line":157,"column":18},"end":{"line":157,"column":67}},"34":{"start":{"line":159,"column":4},"end":{"line":159,"column":19}},"35":{"start":{"line":175,"column":32},"end":{"line":180,"column":8}},"36":{"start":{"line":181,"column":25},"end":{"line":181,"column":50}},"37":{"start":{"line":183,"column":21},"end":{"line":187,"column":100}},"38":{"start":{"line":188,"column":19},"end":{"line":188,"column":64}},"39":{"start":{"line":189,"column":20},"end":{"line":189,"column":34}},"40":{"start":{"line":191,"column":4},"end":{"line":191,"column":67}},"41":{"start":{"line":191,"column":18},"end":{"line":191,"column":67}},"42":{"start":{"line":193,"column":4},"end":{"line":193,"column":19}},"43":{"start":{"line":202,"column":19},"end":{"line":207,"column":15}},"44":{"start":{"line":208,"column":20},"end":{"line":208,"column":34}},"45":{"start":{"line":210,"column":4},"end":{"line":210,"column":67}},"46":{"start":{"line":210,"column":18},"end":{"line":210,"column":67}},"47":{"start":{"line":215,"column":0},"end":{"line":215,"column":25}}},"fnMap":{"0":{"name":"(anonymous_0)","decl":{"start":{"line":19,"column":2},"end":{"line":19,"column":3}},"loc":{"start":{"line":19,"column":76},"end":{"line":50,"column":3}},"line":19},"1":{"name":"(anonymous_1)","decl":{"start":{"line":59,"column":2},"end":{"line":59,"column":3}},"loc":{"start":{"line":59,"column":31},"end":{"line":91,"column":3}},"line":59},"2":{"name":"(anonymous_2)","decl":{"start":{"line":109,"column":2},"end":{"line":109,"column":3}},"loc":{"start":{"line":109,"column":32},"end":{"line":134,"column":3}},"line":109},"3":{"name":"(anonymous_3)","decl":{"start":{"line":144,"column":2},"end":{"line":144,"column":3}},"loc":{"start":{"line":144,"column":27},"end":{"line":160,"column":3}},"line":144},"4":{"name":"(anonymous_4)","decl":{"start":{"line":174,"column":2},"end":{"line":174,"column":3}},"loc":{"start":{"line":174,"column":36},"end":{"line":194,"column":3}},"line":174},"5":{"name":"(anonymous_5)","decl":{"start":{"line":201,"column":2},"end":{"line":201,"column":3}},"loc":{"start":{"line":201,"column":30},"end":{"line":211,"column":3}},"line":201}},"branchMap":{"0":{"loc":{"start":{"line":26,"column":4},"end":{"line":27,"column":64}},"type":"if","locations":[{"start":{"line":26,"column":4},"end":{"line":27,"column":64}},{"start":{},"end":{}}],"line":26},"1":{"loc":{"start":{"line":72,"column":4},"end":{"line":76,"column":5}},"type":"if","locations":[{"start":{"line":72,"column":4},"end":{"line":76,"column":5}},{"start":{},"end":{}}],"line":72},"2":{"loc":{"start":{"line":114,"column":6},"end":{"line":118,"column":7}},"type":"if","locations":[{"start":{"line":114,"column":6},"end":{"line":118,"column":7}},{"start":{"line":116,"column":13},"end":{"line":118,"column":7}}],"line":114},"3":{"loc":{"start":{"line":119,"column":6},"end":{"line":122,"column":7}},"type":"if","locations":[{"start":{"line":119,"column":6},"end":{"line":122,"column":7}},{"start":{},"end":{}}],"line":119},"4":{"loc":{"start":{"line":123,"column":6},"end":{"line":126,"column":7}},"type":"if","locations":[{"start":{"line":123,"column":6},"end":{"line":126,"column":7}},{"start":{},"end":{}}],"line":123},"5":{"loc":{"start":{"line":127,"column":6},"end":{"line":130,"column":7}},"type":"if","locations":[{"start":{"line":127,"column":6},"end":{"line":130,"column":7}},{"start":{},"end":{}}],"line":127},"6":{"loc":{"start":{"line":157,"column":4},"end":{"line":157,"column":67}},"type":"if","locations":[{"start":{"line":157,"column":4},"end":{"line":157,"column":67}},{"start":{},"end":{}}],"line":157},"7":{"loc":{"start":{"line":191,"column":4},"end":{"line":191,"column":67}},"type":"if","locations":[{"start":{"line":191,"column":4},"end":{"line":191,"column":67}},{"start":{},"end":{}}],"line":191},"8":{"loc":{"start":{"line":210,"column":4},"end":{"line":210,"column":67}},"type":"if","locations":[{"start":{"line":210,"column":4},"end":{"line":210,"column":67}},{"start":{},"end":{}}],"line":210}},"s":{"0":6,"1":6,"2":6,"3":16,"4":16,"5":1,"6":15,"7":15,"8":15,"9":9,"10":1,"11":8,"12":8,"13":7,"14":8,"15":8,"16":8,"17":9,"18":5,"19":4,"20":9,"21":4,"22":4,"23":9,"24":3,"25":3,"26":9,"27":2,"28":2,"29":8,"30":5,"31":5,"32":5,"33":2,"34":3,"35":6,"36":5,"37":5,"38":5,"39":5,"40":5,"41":2,"42":3,"43":4,"44":4,"45":4,"46":2,"47":6},"f":{"0":16,"1":9,"2":8,"3":5,"4":6,"5":4},"b":{"0":[1,15],"1":[1,8],"2":[5,4],"3":[4,5],"4":[3,6],"5":[2,7],"6":[2,3],"7":[2,3],"8":[2,2]},"_coverageSchema":"1a1c01bbd47fc00a2c39e90264f33305004495a9","hash":"c63293c62f8da8973e2df6d7fb26341bdd12e0ae"}
,"/Users/zhl/Desktop/R27_Class/Week-7-Node-Express/express-jobly/models/job.js": {"path":"/Users/zhl/Desktop/R27_Class/Week-7-Node-Express/express-jobly/models/job.js","statementMap":{"0":{"start":{"line":3,"column":11},"end":{"line":3,"column":27}},"1":{"start":{"line":4,"column":43},"end":{"line":4,"column":69}},"2":{"start":{"line":5,"column":32},"end":{"line":5,"column":57}},"3":{"start":{"line":20,"column":19},"end":{"line":35,"column":5}},"4":{"start":{"line":36,"column":16},"end":{"line":36,"column":30}},"5":{"start":{"line":38,"column":4},"end":{"line":38,"column":15}},"6":{"start":{"line":48,"column":46},"end":{"line":48,"column":72}},"7":{"start":{"line":50,"column":20},"end":{"line":54,"column":39}},"8":{"start":{"line":56,"column":4},"end":{"line":56,"column":24}},"9":{"start":{"line":74,"column":22},"end":{"line":74,"column":24}},"10":{"start":{"line":75,"column":27},"end":{"line":75,"column":29}},"11":{"start":{"line":77,"column":4},"end":{"line":94,"column":5}},"12":{"start":{"line":78,"column":6},"end":{"line":82,"column":7}},"13":{"start":{"line":79,"column":8},"end":{"line":79,"column":37}},"14":{"start":{"line":80,"column":13},"end":{"line":82,"column":7}},"15":{"start":{"line":81,"column":8},"end":{"line":81,"column":36}},"16":{"start":{"line":83,"column":6},"end":{"line":86,"column":7}},"17":{"start":{"line":84,"column":8},"end":{"line":84,"column":46}},"18":{"start":{"line":85,"column":8},"end":{"line":85,"column":65}},"19":{"start":{"line":87,"column":6},"end":{"line":90,"column":7}},"20":{"start":{"line":88,"column":8},"end":{"line":88,"column":43}},"21":{"start":{"line":89,"column":8},"end":{"line":89,"column":63}},"22":{"start":{"line":91,"column":6},"end":{"line":93,"column":7}},"23":{"start":{"line":92,"column":8},"end":{"line":92,"column":41}},"24":{"start":{"line":96,"column":4},"end":{"line":98,"column":6}},"25":{"start":{"line":97,"column":6},"end":{"line":97,"column":28}},"26":{"start":{"line":100,"column":4},"end":{"line":100,"column":45}},"27":{"start":{"line":111,"column":19},"end":{"line":115,"column":11}},"28":{"start":{"line":117,"column":16},"end":{"line":117,"column":30}},"29":{"start":{"line":119,"column":4},"end":{"line":119,"column":55}},"30":{"start":{"line":119,"column":14},"end":{"line":119,"column":55}},"31":{"start":{"line":121,"column":4},"end":{"line":121,"column":15}},"32":{"start":{"line":137,"column":32},"end":{"line":141,"column":8}},"33":{"start":{"line":142,"column":21},"end":{"line":142,"column":46}},"34":{"start":{"line":144,"column":21},"end":{"line":148,"column":79}},"35":{"start":{"line":150,"column":19},"end":{"line":150,"column":60}},"36":{"start":{"line":151,"column":16},"end":{"line":151,"column":30}},"37":{"start":{"line":153,"column":4},"end":{"line":153,"column":55}},"38":{"start":{"line":153,"column":14},"end":{"line":153,"column":55}},"39":{"start":{"line":155,"column":4},"end":{"line":155,"column":15}},"40":{"start":{"line":164,"column":19},"end":{"line":169,"column":11}},"41":{"start":{"line":170,"column":16},"end":{"line":170,"column":30}},"42":{"start":{"line":172,"column":4},"end":{"line":172,"column":59}},"43":{"start":{"line":172,"column":14},"end":{"line":172,"column":59}},"44":{"start":{"line":176,"column":0},"end":{"line":176,"column":21}}},"fnMap":{"0":{"name":"(anonymous_0)","decl":{"start":{"line":18,"column":2},"end":{"line":18,"column":3}},"loc":{"start":{"line":18,"column":64},"end":{"line":39,"column":3}},"line":18},"1":{"name":"(anonymous_1)","decl":{"start":{"line":46,"column":2},"end":{"line":46,"column":3}},"loc":{"start":{"line":46,"column":31},"end":{"line":57,"column":3}},"line":46},"2":{"name":"(anonymous_2)","decl":{"start":{"line":73,"column":2},"end":{"line":73,"column":3}},"loc":{"start":{"line":73,"column":32},"end":{"line":101,"column":3}},"line":73},"3":{"name":"(anonymous_3)","decl":{"start":{"line":110,"column":2},"end":{"line":110,"column":3}},"loc":{"start":{"line":110,"column":23},"end":{"line":122,"column":3}},"line":110},"4":{"name":"(anonymous_4)","decl":{"start":{"line":136,"column":2},"end":{"line":136,"column":3}},"loc":{"start":{"line":136,"column":32},"end":{"line":156,"column":3}},"line":136},"5":{"name":"(anonymous_5)","decl":{"start":{"line":163,"column":2},"end":{"line":163,"column":3}},"loc":{"start":{"line":163,"column":26},"end":{"line":173,"column":3}},"line":163}},"branchMap":{"0":{"loc":{"start":{"line":78,"column":6},"end":{"line":82,"column":7}},"type":"if","locations":[{"start":{"line":78,"column":6},"end":{"line":82,"column":7}},{"start":{"line":80,"column":13},"end":{"line":82,"column":7}}],"line":78},"1":{"loc":{"start":{"line":80,"column":13},"end":{"line":82,"column":7}},"type":"if","locations":[{"start":{"line":80,"column":13},"end":{"line":82,"column":7}},{"start":{},"end":{}}],"line":80},"2":{"loc":{"start":{"line":83,"column":6},"end":{"line":86,"column":7}},"type":"if","locations":[{"start":{"line":83,"column":6},"end":{"line":86,"column":7}},{"start":{},"end":{}}],"line":83},"3":{"loc":{"start":{"line":87,"column":6},"end":{"line":90,"column":7}},"type":"if","locations":[{"start":{"line":87,"column":6},"end":{"line":90,"column":7}},{"start":{},"end":{}}],"line":87},"4":{"loc":{"start":{"line":91,"column":6},"end":{"line":93,"column":7}},"type":"if","locations":[{"start":{"line":91,"column":6},"end":{"line":93,"column":7}},{"start":{},"end":{}}],"line":91},"5":{"loc":{"start":{"line":91,"column":10},"end":{"line":91,"column":58}},"type":"binary-expr","locations":[{"start":{"line":91,"column":10},"end":{"line":91,"column":29}},{"start":{"line":91,"column":33},"end":{"line":91,"column":58}}],"line":91},"6":{"loc":{"start":{"line":96,"column":4},"end":{"line":98,"column":6}},"type":"if","locations":[{"start":{"line":96,"column":4},"end":{"line":98,"column":6}},{"start":{},"end":{}}],"line":96},"7":{"loc":{"start":{"line":96,"column":8},"end":{"line":96,"column":62}},"type":"binary-expr","locations":[{"start":{"line":96,"column":8},"end":{"line":96,"column":34}},{"start":{"line":96,"column":38},"end":{"line":96,"column":62}}],"line":96},"8":{"loc":{"start":{"line":119,"column":4},"end":{"line":119,"column":55}},"type":"if","locations":[{"start":{"line":119,"column":4},"end":{"line":119,"column":55}},{"start":{},"end":{}}],"line":119},"9":{"loc":{"start":{"line":153,"column":4},"end":{"line":153,"column":55}},"type":"if","locations":[{"start":{"line":153,"column":4},"end":{"line":153,"column":55}},{"start":{},"end":{}}],"line":153},"10":{"loc":{"start":{"line":172,"column":4},"end":{"line":172,"column":59}},"type":"if","locations":[{"start":{"line":172,"column":4},"end":{"line":172,"column":59}},{"start":{},"end":{}}],"line":172}},"s":{"0":6,"1":6,"2":6,"3":14,"4":14,"5":14,"6":10,"7":10,"8":10,"9":10,"10":10,"11":10,"12":14,"13":8,"14":6,"15":5,"16":14,"17":5,"18":5,"19":14,"20":4,"21":4,"22":14,"23":3,"24":10,"25":1,"26":10,"27":2,"28":2,"29":2,"30":1,"31":1,"32":4,"33":3,"34":3,"35":3,"36":3,"37":3,"38":1,"39":2,"40":2,"41":2,"42":2,"43":1,"44":6},"f":{"0":14,"1":10,"2":10,"3":2,"4":4,"5":2},"b":{"0":[8,6],"1":[5,1],"2":[5,9],"3":[4,10],"4":[3,11],"5":[14,5],"6":[1,9],"7":[10,2],"8":[1,1],"9":[1,2],"10":[1,1]},"_coverageSchema":"1a1c01bbd47fc00a2c39e90264f33305004495a9","hash":"f041508bd295e843a3ec1a7d1a7a05a873d4c31f"}
,"/Users/zhl/Desktop/R27_Class/Week-7-Node-Express/express-jobly/models/user.js": {"path":"/Users/zhl/Desktop/R27_Class/Week-7-Node-Express/express-jobly/models/user.js","statementMap":{"0":{"start":{"line":3,"column":11},"end":{"line":3,"column":27}},"1":{"start":{"line":4,"column":15},"end":{"line":4,"column":32}},"2":{"start":{"line":5,"column":32},"end":{"line":5,"column":57}},"3":{"start":{"line":10,"column":4},"end":{"line":10,"column":30}},"4":{"start":{"line":12,"column":31},"end":{"line":12,"column":54}},"5":{"start":{"line":26,"column":19},"end":{"line":36,"column":5}},"6":{"start":{"line":38,"column":17},"end":{"line":38,"column":31}},"7":{"start":{"line":40,"column":4},"end":{"line":47,"column":5}},"8":{"start":{"line":42,"column":22},"end":{"line":42,"column":67}},"9":{"start":{"line":43,"column":6},"end":{"line":46,"column":7}},"10":{"start":{"line":44,"column":8},"end":{"line":44,"column":29}},"11":{"start":{"line":45,"column":8},"end":{"line":45,"column":20}},"12":{"start":{"line":49,"column":4},"end":{"line":49,"column":61}},"13":{"start":{"line":61,"column":27},"end":{"line":66,"column":5}},"14":{"start":{"line":68,"column":4},"end":{"line":70,"column":5}},"15":{"start":{"line":69,"column":6},"end":{"line":69,"column":67}},"16":{"start":{"line":72,"column":27},"end":{"line":72,"column":74}},"17":{"start":{"line":74,"column":19},"end":{"line":92,"column":5}},"18":{"start":{"line":94,"column":17},"end":{"line":94,"column":31}},"19":{"start":{"line":96,"column":4},"end":{"line":96,"column":16}},"20":{"start":{"line":105,"column":19},"end":{"line":113,"column":5}},"21":{"start":{"line":115,"column":4},"end":{"line":115,"column":23}},"22":{"start":{"line":127,"column":20},"end":{"line":136,"column":5}},"23":{"start":{"line":138,"column":17},"end":{"line":138,"column":32}},"24":{"start":{"line":140,"column":4},"end":{"line":140,"column":63}},"25":{"start":{"line":140,"column":15},"end":{"line":140,"column":63}},"26":{"start":{"line":142,"column":4},"end":{"line":142,"column":16}},"27":{"start":{"line":163,"column":4},"end":{"line":165,"column":5}},"28":{"start":{"line":164,"column":6},"end":{"line":164,"column":75}},"29":{"start":{"line":167,"column":32},"end":{"line":173,"column":10}},"30":{"start":{"line":174,"column":27},"end":{"line":174,"column":52}},"31":{"start":{"line":176,"column":21},"end":{"line":183,"column":54}},"32":{"start":{"line":184,"column":19},"end":{"line":184,"column":66}},"33":{"start":{"line":185,"column":17},"end":{"line":185,"column":31}},"34":{"start":{"line":187,"column":4},"end":{"line":187,"column":63}},"35":{"start":{"line":187,"column":15},"end":{"line":187,"column":63}},"36":{"start":{"line":189,"column":4},"end":{"line":189,"column":25}},"37":{"start":{"line":190,"column":4},"end":{"line":190,"column":16}},"38":{"start":{"line":196,"column":17},"end":{"line":202,"column":5}},"39":{"start":{"line":203,"column":17},"end":{"line":203,"column":31}},"40":{"start":{"line":205,"column":4},"end":{"line":205,"column":63}},"41":{"start":{"line":205,"column":15},"end":{"line":205,"column":63}},"42":{"start":{"line":210,"column":0},"end":{"line":210,"column":22}}},"fnMap":{"0":{"name":"(anonymous_0)","decl":{"start":{"line":24,"column":2},"end":{"line":24,"column":3}},"loc":{"start":{"line":24,"column":48},"end":{"line":50,"column":3}},"line":24},"1":{"name":"(anonymous_1)","decl":{"start":{"line":59,"column":2},"end":{"line":59,"column":3}},"loc":{"start":{"line":60,"column":67},"end":{"line":97,"column":3}},"line":60},"2":{"name":"(anonymous_2)","decl":{"start":{"line":104,"column":2},"end":{"line":104,"column":3}},"loc":{"start":{"line":104,"column":25},"end":{"line":116,"column":3}},"line":104},"3":{"name":"(anonymous_3)","decl":{"start":{"line":126,"column":2},"end":{"line":126,"column":3}},"loc":{"start":{"line":126,"column":29},"end":{"line":143,"column":3}},"line":126},"4":{"name":"(anonymous_4)","decl":{"start":{"line":162,"column":2},"end":{"line":162,"column":3}},"loc":{"start":{"line":162,"column":38},"end":{"line":191,"column":3}},"line":162},"5":{"name":"(anonymous_5)","decl":{"start":{"line":195,"column":2},"end":{"line":195,"column":3}},"loc":{"start":{"line":195,"column":32},"end":{"line":206,"column":3}},"line":195}},"branchMap":{"0":{"loc":{"start":{"line":40,"column":4},"end":{"line":47,"column":5}},"type":"if","locations":[{"start":{"line":40,"column":4},"end":{"line":47,"column":5}},{"start":{},"end":{}}],"line":40},"1":{"loc":{"start":{"line":43,"column":6},"end":{"line":46,"column":7}},"type":"if","locations":[{"start":{"line":43,"column":6},"end":{"line":46,"column":7}},{"start":{},"end":{}}],"line":43},"2":{"loc":{"start":{"line":68,"column":4},"end":{"line":70,"column":5}},"type":"if","locations":[{"start":{"line":68,"column":4},"end":{"line":70,"column":5}},{"start":{},"end":{}}],"line":68},"3":{"loc":{"start":{"line":140,"column":4},"end":{"line":140,"column":63}},"type":"if","locations":[{"start":{"line":140,"column":4},"end":{"line":140,"column":63}},{"start":{},"end":{}}],"line":140},"4":{"loc":{"start":{"line":163,"column":4},"end":{"line":165,"column":5}},"type":"if","locations":[{"start":{"line":163,"column":4},"end":{"line":165,"column":5}},{"start":{},"end":{}}],"line":163},"5":{"loc":{"start":{"line":187,"column":4},"end":{"line":187,"column":63}},"type":"if","locations":[{"start":{"line":187,"column":4},"end":{"line":187,"column":63}},{"start":{},"end":{}}],"line":187},"6":{"loc":{"start":{"line":205,"column":4},"end":{"line":205,"column":63}},"type":"if","locations":[{"start":{"line":205,"column":4},"end":{"line":205,"column":63}},{"start":{},"end":{}}],"line":205}},"s":{"0":6,"1":6,"2":6,"3":6,"4":6,"5":8,"6":8,"7":8,"8":5,"9":5,"10":4,"11":4,"12":4,"13":19,"14":19,"15":1,"16":18,"17":18,"18":18,"19":18,"20":3,"21":2,"22":5,"23":5,"24":5,"25":2,"26":3,"27":9,"28":3,"29":9,"30":8,"31":8,"32":8,"33":8,"34":8,"35":2,"36":6,"37":6,"38":5,"39":5,"40":5,"41":2,"42":6},"f":{"0":8,"1":19,"2":3,"3":5,"4":9,"5":5},"b":{"0":[5,3],"1":[4,1],"2":[1,18],"3":[2,3],"4":[3,6],"5":[2,6],"6":[2,3]},"_coverageSchema":"1a1c01bbd47fc00a2c39e90264f33305004495a9","hash":"5d17bc28273bc0abba06d26b3adf913e681a4628"}
,"/Users/zhl/Desktop/R27_Class/Week-7-Node-Express/express-jobly/routes/_testCommon.js": {"path":"/Users/zhl/Desktop/R27_Class/Week-7-Node-Express/express-jobly/routes/_testCommon.js","statementMap":{"0":{"start":{"line":3,"column":11},"end":{"line":3,"column":30}},"1":{"start":{"line":4,"column":13},"end":{"line":4,"column":38}},"2":{"start":{"line":5,"column":16},"end":{"line":5,"column":44}},"3":{"start":{"line":6,"column":12},"end":{"line":6,"column":36}},"4":{"start":{"line":7,"column":24},"end":{"line":7,"column":52}},"5":{"start":{"line":9,"column":13},"end":{"line":9,"column":15}},"6":{"start":{"line":13,"column":2},"end":{"line":13,"column":37}},"7":{"start":{"line":15,"column":2},"end":{"line":15,"column":38}},"8":{"start":{"line":17,"column":2},"end":{"line":17,"column":42}},"9":{"start":{"line":19,"column":2},"end":{"line":26,"column":7}},"10":{"start":{"line":27,"column":2},"end":{"line":34,"column":7}},"11":{"start":{"line":35,"column":2},"end":{"line":42,"column":7}},"12":{"start":{"line":44,"column":2},"end":{"line":51,"column":5}},"13":{"start":{"line":52,"column":2},"end":{"line":59,"column":5}},"14":{"start":{"line":60,"column":2},"end":{"line":67,"column":5}},"15":{"start":{"line":69,"column":15},"end":{"line":74,"column":4}},"16":{"start":{"line":75,"column":15},"end":{"line":80,"column":4}},"17":{"start":{"line":81,"column":15},"end":{"line":86,"column":4}},"18":{"start":{"line":88,"column":2},"end":{"line":88,"column":41}},"19":{"start":{"line":92,"column":2},"end":{"line":92,"column":26}},"20":{"start":{"line":96,"column":2},"end":{"line":96,"column":29}},"21":{"start":{"line":100,"column":2},"end":{"line":100,"column":17}},"22":{"start":{"line":104,"column":16},"end":{"line":104,"column":63}},"23":{"start":{"line":105,"column":21},"end":{"line":105,"column":67}},"24":{"start":{"line":106,"column":16},"end":{"line":106,"column":63}},"25":{"start":{"line":109,"column":0},"end":{"line":118,"column":2}}},"fnMap":{"0":{"name":"commonBeforeAll","decl":{"start":{"line":11,"column":15},"end":{"line":11,"column":30}},"loc":{"start":{"line":11,"column":33},"end":{"line":89,"column":1}},"line":11},"1":{"name":"commonBeforeEach","decl":{"start":{"line":91,"column":15},"end":{"line":91,"column":31}},"loc":{"start":{"line":91,"column":34},"end":{"line":93,"column":1}},"line":91},"2":{"name":"commonAfterEach","decl":{"start":{"line":95,"column":15},"end":{"line":95,"column":30}},"loc":{"start":{"line":95,"column":33},"end":{"line":97,"column":1}},"line":95},"3":{"name":"commonAfterAll","decl":{"start":{"line":99,"column":15},"end":{"line":99,"column":29}},"loc":{"start":{"line":99,"column":32},"end":{"line":101,"column":1}},"line":99}},"branchMap":{},"s":{"0":4,"1":4,"2":4,"3":4,"4":4,"5":4,"6":4,"7":4,"8":4,"9":4,"10":4,"11":4,"12":4,"13":4,"14":4,"15":4,"16":4,"17":4,"18":4,"19":66,"20":66,"21":4,"22":4,"23":4,"24":4,"25":4},"f":{"0":4,"1":66,"2":66,"3":4},"b":{},"_coverageSchema":"1a1c01bbd47fc00a2c39e90264f33305004495a9","hash":"58bab4d00150f97f7ce993a980f614b6e91368fe"}
,"/Users/zhl/Desktop/R27_Class/Week-7-Node-Express/express-jobly/routes/auth.js": {"path":"/Users/zhl/Desktop/R27_Class/Week-7-Node-Express/express-jobly/routes/auth.js","statementMap":{"0":{"start":{"line":5,"column":19},"end":{"line":5,"column":40}},"1":{"start":{"line":7,"column":13},"end":{"line":7,"column":38}},"2":{"start":{"line":8,"column":16},"end":{"line":8,"column":34}},"3":{"start":{"line":9,"column":15},"end":{"line":9,"column":35}},"4":{"start":{"line":10,"column":24},"end":{"line":10,"column":52}},"5":{"start":{"line":11,"column":23},"end":{"line":11,"column":58}},"6":{"start":{"line":12,"column":27},"end":{"line":12,"column":66}},"7":{"start":{"line":13,"column":28},"end":{"line":13,"column":54}},"8":{"start":{"line":22,"column":0},"end":{"line":37,"column":3}},"9":{"start":{"line":23,"column":20},"end":{"line":27,"column":3}},"10":{"start":{"line":28,"column":2},"end":{"line":31,"column":3}},"11":{"start":{"line":29,"column":17},"end":{"line":29,"column":51}},"12":{"start":{"line":29,"column":43},"end":{"line":29,"column":50}},"13":{"start":{"line":30,"column":4},"end":{"line":30,"column":36}},"14":{"start":{"line":33,"column":33},"end":{"line":33,"column":41}},"15":{"start":{"line":34,"column":15},"end":{"line":34,"column":58}},"16":{"start":{"line":35,"column":16},"end":{"line":35,"column":33}},"17":{"start":{"line":36,"column":2},"end":{"line":36,"column":29}},"18":{"start":{"line":49,"column":0},"end":{"line":63,"column":3}},"19":{"start":{"line":50,"column":20},"end":{"line":54,"column":3}},"20":{"start":{"line":55,"column":2},"end":{"line":58,"column":3}},"21":{"start":{"line":56,"column":17},"end":{"line":56,"column":51}},"22":{"start":{"line":56,"column":43},"end":{"line":56,"column":50}},"23":{"start":{"line":57,"column":4},"end":{"line":57,"column":36}},"24":{"start":{"line":60,"column":18},"end":{"line":60,"column":70}},"25":{"start":{"line":61,"column":16},"end":{"line":61,"column":36}},"26":{"start":{"line":62,"column":2},"end":{"line":62,"column":41}},"27":{"start":{"line":66,"column":0},"end":{"line":66,"column":24}}},"fnMap":{"0":{"name":"(anonymous_0)","decl":{"start":{"line":22,"column":22},"end":{"line":22,"column":23}},"loc":{"start":{"line":22,"column":54},"end":{"line":37,"column":1}},"line":22},"1":{"name":"(anonymous_1)","decl":{"start":{"line":29,"column":38},"end":{"line":29,"column":39}},"loc":{"start":{"line":29,"column":43},"end":{"line":29,"column":50}},"line":29},"2":{"name":"(anonymous_2)","decl":{"start":{"line":49,"column":25},"end":{"line":49,"column":26}},"loc":{"start":{"line":49,"column":57},"end":{"line":63,"column":1}},"line":49},"3":{"name":"(anonymous_3)","decl":{"start":{"line":56,"column":38},"end":{"line":56,"column":39}},"loc":{"start":{"line":56,"column":43},"end":{"line":56,"column":50}},"line":56}},"branchMap":{"0":{"loc":{"start":{"line":28,"column":2},"end":{"line":31,"column":3}},"type":"if","locations":[{"start":{"line":28,"column":2},"end":{"line":31,"column":3}},{"start":{},"end":{}}],"line":28},"1":{"loc":{"start":{"line":55,"column":2},"end":{"line":58,"column":3}},"type":"if","locations":[{"start":{"line":55,"column":2},"end":{"line":58,"column":3}},{"start":{},"end":{}}],"line":55}},"s":{"0":5,"1":5,"2":5,"3":5,"4":5,"5":5,"6":5,"7":5,"8":5,"9":5,"10":5,"11":2,"12":2,"13":2,"14":3,"15":3,"16":1,"17":1,"18":5,"19":3,"20":3,"21":2,"22":5,"23":2,"24":1,"25":1,"26":1,"27":5},"f":{"0":5,"1":2,"2":3,"3":5},"b":{"0":[2,3],"1":[2,1]},"_coverageSchema":"1a1c01bbd47fc00a2c39e90264f33305004495a9","hash":"8ca3fe8fd4ee2849199a1fd8c3ebcd2761469129"}
,"/Users/zhl/Desktop/R27_Class/Week-7-Node-Express/express-jobly/routes/companies.js": {"path":"/Users/zhl/Desktop/R27_Class/Week-7-Node-Express/express-jobly/routes/companies.js","statementMap":{"0":{"start":{"line":5,"column":19},"end":{"line":5,"column":40}},"1":{"start":{"line":6,"column":16},"end":{"line":6,"column":34}},"2":{"start":{"line":8,"column":28},"end":{"line":8,"column":54}},"3":{"start":{"line":9,"column":40},"end":{"line":9,"column":69}},"4":{"start":{"line":10,"column":16},"end":{"line":10,"column":44}},"5":{"start":{"line":12,"column":25},"end":{"line":12,"column":62}},"6":{"start":{"line":13,"column":28},"end":{"line":13,"column":68}},"7":{"start":{"line":14,"column":28},"end":{"line":14,"column":68}},"8":{"start":{"line":16,"column":15},"end":{"line":16,"column":35}},"9":{"start":{"line":28,"column":0},"end":{"line":41,"column":3}},"10":{"start":{"line":29,"column":20},"end":{"line":33,"column":3}},"11":{"start":{"line":34,"column":2},"end":{"line":37,"column":3}},"12":{"start":{"line":35,"column":17},"end":{"line":35,"column":51}},"13":{"start":{"line":35,"column":43},"end":{"line":35,"column":50}},"14":{"start":{"line":36,"column":4},"end":{"line":36,"column":36}},"15":{"start":{"line":39,"column":18},"end":{"line":39,"column":48}},"16":{"start":{"line":40,"column":2},"end":{"line":40,"column":43}},"17":{"start":{"line":54,"column":0},"end":{"line":87,"column":3}},"18":{"start":{"line":55,"column":17},"end":{"line":55,"column":26}},"19":{"start":{"line":58,"column":2},"end":{"line":58,"column":70}},"20":{"start":{"line":58,"column":27},"end":{"line":58,"column":70}},"21":{"start":{"line":59,"column":2},"end":{"line":59,"column":70}},"22":{"start":{"line":59,"column":27},"end":{"line":59,"column":70}},"23":{"start":{"line":62,"column":20},"end":{"line":66,"column":3}},"24":{"start":{"line":68,"column":2},"end":{"line":71,"column":3}},"25":{"start":{"line":69,"column":17},"end":{"line":69,"column":51}},"26":{"start":{"line":69,"column":43},"end":{"line":69,"column":50}},"27":{"start":{"line":70,"column":4},"end":{"line":70,"column":36}},"28":{"start":{"line":84,"column":20},"end":{"line":84,"column":49}},"29":{"start":{"line":86,"column":2},"end":{"line":86,"column":33}},"30":{"start":{"line":97,"column":0},"end":{"line":100,"column":3}},"31":{"start":{"line":98,"column":18},"end":{"line":98,"column":54}},"32":{"start":{"line":99,"column":2},"end":{"line":99,"column":31}},"33":{"start":{"line":113,"column":0},"end":{"line":126,"column":3}},"34":{"start":{"line":114,"column":20},"end":{"line":118,"column":3}},"35":{"start":{"line":119,"column":2},"end":{"line":122,"column":3}},"36":{"start":{"line":120,"column":17},"end":{"line":120,"column":51}},"37":{"start":{"line":120,"column":43},"end":{"line":120,"column":50}},"38":{"start":{"line":121,"column":4},"end":{"line":121,"column":36}},"39":{"start":{"line":124,"column":18},"end":{"line":124,"column":67}},"40":{"start":{"line":125,"column":2},"end":{"line":125,"column":31}},"41":{"start":{"line":133,"column":0},"end":{"line":136,"column":3}},"42":{"start":{"line":134,"column":2},"end":{"line":134,"column":42}},"43":{"start":{"line":135,"column":2},"end":{"line":135,"column":50}},"44":{"start":{"line":139,"column":0},"end":{"line":139,"column":24}}},"fnMap":{"0":{"name":"(anonymous_0)","decl":{"start":{"line":28,"column":30},"end":{"line":28,"column":31}},"loc":{"start":{"line":28,"column":62},"end":{"line":41,"column":1}},"line":28},"1":{"name":"(anonymous_1)","decl":{"start":{"line":35,"column":38},"end":{"line":35,"column":39}},"loc":{"start":{"line":35,"column":43},"end":{"line":35,"column":50}},"line":35},"2":{"name":"(anonymous_2)","decl":{"start":{"line":54,"column":16},"end":{"line":54,"column":17}},"loc":{"start":{"line":54,"column":48},"end":{"line":87,"column":1}},"line":54},"3":{"name":"(anonymous_3)","decl":{"start":{"line":69,"column":38},"end":{"line":69,"column":39}},"loc":{"start":{"line":69,"column":43},"end":{"line":69,"column":50}},"line":69},"4":{"name":"(anonymous_4)","decl":{"start":{"line":97,"column":23},"end":{"line":97,"column":24}},"loc":{"start":{"line":97,"column":55},"end":{"line":100,"column":1}},"line":97},"5":{"name":"(anonymous_5)","decl":{"start":{"line":113,"column":38},"end":{"line":113,"column":39}},"loc":{"start":{"line":113,"column":70},"end":{"line":126,"column":1}},"line":113},"6":{"name":"(anonymous_6)","decl":{"start":{"line":120,"column":38},"end":{"line":120,"column":39}},"loc":{"start":{"line":120,"column":43},"end":{"line":120,"column":50}},"line":120},"7":{"name":"(anonymous_7)","decl":{"start":{"line":133,"column":39},"end":{"line":133,"column":40}},"loc":{"start":{"line":133,"column":71},"end":{"line":136,"column":1}},"line":133}},"branchMap":{"0":{"loc":{"start":{"line":34,"column":2},"end":{"line":37,"column":3}},"type":"if","locations":[{"start":{"line":34,"column":2},"end":{"line":37,"column":3}},{"start":{},"end":{}}],"line":34},"1":{"loc":{"start":{"line":58,"column":2},"end":{"line":58,"column":70}},"type":"if","locations":[{"start":{"line":58,"column":2},"end":{"line":58,"column":70}},{"start":{},"end":{}}],"line":58},"2":{"loc":{"start":{"line":59,"column":2},"end":{"line":59,"column":70}},"type":"if","locations":[{"start":{"line":59,"column":2},"end":{"line":59,"column":70}},{"start":{},"end":{}}],"line":59},"3":{"loc":{"start":{"line":68,"column":2},"end":{"line":71,"column":3}},"type":"if","locations":[{"start":{"line":68,"column":2},"end":{"line":71,"column":3}},{"start":{},"end":{}}],"line":68},"4":{"loc":{"start":{"line":119,"column":2},"end":{"line":122,"column":3}},"type":"if","locations":[{"start":{"line":119,"column":2},"end":{"line":122,"column":3}},{"start":{},"end":{}}],"line":119}},"s":{"0":5,"1":5,"2":5,"3":5,"4":5,"5":5,"6":5,"7":5,"8":5,"9":5,"10":3,"11":3,"12":2,"13":3,"14":2,"15":1,"16":1,"17":5,"18":6,"19":6,"20":2,"21":6,"22":1,"23":6,"24":6,"25":2,"26":2,"27":2,"28":4,"29":3,"30":5,"31":3,"32":2,"33":5,"34":4,"35":4,"36":2,"37":2,"38":2,"39":2,"40":1,"41":5,"42":2,"43":1,"44":5},"f":{"0":3,"1":3,"2":6,"3":2,"4":3,"5":4,"6":2,"7":2},"b":{"0":[2,1],"1":[2,4],"2":[1,5],"3":[2,4],"4":[2,2]},"_coverageSchema":"1a1c01bbd47fc00a2c39e90264f33305004495a9","hash":"6896ebbb771fe61154ee3dee8b66c1b94541ff9a"}
,"/Users/zhl/Desktop/R27_Class/Week-7-Node-Express/express-jobly/routes/jobs.js": {"path":"/Users/zhl/Desktop/R27_Class/Week-7-Node-Express/express-jobly/routes/jobs.js","statementMap":{"0":{"start":{"line":5,"column":19},"end":{"line":5,"column":40}},"1":{"start":{"line":6,"column":16},"end":{"line":6,"column":34}},"2":{"start":{"line":8,"column":28},"end":{"line":8,"column":54}},"3":{"start":{"line":9,"column":40},"end":{"line":9,"column":69}},"4":{"start":{"line":10,"column":12},"end":{"line":10,"column":36}},"5":{"start":{"line":12,"column":21},"end":{"line":12,"column":54}},"6":{"start":{"line":13,"column":24},"end":{"line":13,"column":60}},"7":{"start":{"line":14,"column":24},"end":{"line":14,"column":60}},"8":{"start":{"line":16,"column":15},"end":{"line":16,"column":35}},"9":{"start":{"line":28,"column":1},"end":{"line":41,"column":3}},"10":{"start":{"line":29,"column":20},"end":{"line":33,"column":3}},"11":{"start":{"line":34,"column":2},"end":{"line":37,"column":3}},"12":{"start":{"line":35,"column":17},"end":{"line":35,"column":51}},"13":{"start":{"line":35,"column":43},"end":{"line":35,"column":50}},"14":{"start":{"line":36,"column":4},"end":{"line":36,"column":36}},"15":{"start":{"line":39,"column":14},"end":{"line":39,"column":40}},"16":{"start":{"line":40,"column":2},"end":{"line":40,"column":39}},"17":{"start":{"line":54,"column":1},"end":{"line":76,"column":3}},"18":{"start":{"line":55,"column":17},"end":{"line":55,"column":26}},"19":{"start":{"line":58,"column":2},"end":{"line":58,"column":61}},"20":{"start":{"line":58,"column":24},"end":{"line":58,"column":61}},"21":{"start":{"line":59,"column":2},"end":{"line":59,"column":87}},"22":{"start":{"line":59,"column":24},"end":{"line":59,"column":87}},"23":{"start":{"line":62,"column":20},"end":{"line":66,"column":3}},"24":{"start":{"line":68,"column":2},"end":{"line":71,"column":3}},"25":{"start":{"line":69,"column":17},"end":{"line":69,"column":51}},"26":{"start":{"line":69,"column":43},"end":{"line":69,"column":50}},"27":{"start":{"line":70,"column":4},"end":{"line":70,"column":36}},"28":{"start":{"line":73,"column":15},"end":{"line":73,"column":40}},"29":{"start":{"line":75,"column":2},"end":{"line":75,"column":28}},"30":{"start":{"line":78,"column":0},"end":{"line":78,"column":24}}},"fnMap":{"0":{"name":"(anonymous_0)","decl":{"start":{"line":28,"column":31},"end":{"line":28,"column":32}},"loc":{"start":{"line":28,"column":63},"end":{"line":41,"column":1}},"line":28},"1":{"name":"(anonymous_1)","decl":{"start":{"line":35,"column":38},"end":{"line":35,"column":39}},"loc":{"start":{"line":35,"column":43},"end":{"line":35,"column":50}},"line":35},"2":{"name":"(anonymous_2)","decl":{"start":{"line":54,"column":17},"end":{"line":54,"column":18}},"loc":{"start":{"line":54,"column":49},"end":{"line":76,"column":1}},"line":54},"3":{"name":"(anonymous_3)","decl":{"start":{"line":69,"column":38},"end":{"line":69,"column":39}},"loc":{"start":{"line":69,"column":43},"end":{"line":69,"column":50}},"line":69}},"branchMap":{"0":{"loc":{"start":{"line":34,"column":2},"end":{"line":37,"column":3}},"type":"if","locations":[{"start":{"line":34,"column":2},"end":{"line":37,"column":3}},{"start":{},"end":{}}],"line":34},"1":{"loc":{"start":{"line":58,"column":2},"end":{"line":58,"column":61}},"type":"if","locations":[{"start":{"line":58,"column":2},"end":{"line":58,"column":61}},{"start":{},"end":{}}],"line":58},"2":{"loc":{"start":{"line":59,"column":2},"end":{"line":59,"column":87}},"type":"if","locations":[{"start":{"line":59,"column":2},"end":{"line":59,"column":87}},{"start":{},"end":{}}],"line":59},"3":{"loc":{"start":{"line":68,"column":2},"end":{"line":71,"column":3}},"type":"if","locations":[{"start":{"line":68,"column":2},"end":{"line":71,"column":3}},{"start":{},"end":{}}],"line":68}},"s":{"0":5,"1":5,"2":5,"3":5,"4":5,"5":5,"6":5,"7":5,"8":5,"9":5,"10":3,"11":3,"12":2,"13":2,"14":2,"15":1,"16":1,"17":5,"18":3,"19":3,"20":1,"21":3,"22":1,"23":3,"24":3,"25":0,"26":0,"27":0,"28":3,"29":3,"30":5},"f":{"0":3,"1":2,"2":3,"3":0},"b":{"0":[2,1],"1":[1,2],"2":[1,2],"3":[0,3]},"_coverageSchema":"1a1c01bbd47fc00a2c39e90264f33305004495a9","hash":"73692d211f4450f718e41fc2280469232bc2eff9"}
,"/Users/zhl/Desktop/R27_Class/Week-7-Node-Express/express-jobly/routes/users.js": {"path":"/Users/zhl/Desktop/R27_Class/Week-7-Node-Express/express-jobly/routes/users.js","statementMap":{"0":{"start":{"line":5,"column":19},"end":{"line":5,"column":40}},"1":{"start":{"line":7,"column":16},"end":{"line":7,"column":34}},"2":{"start":{"line":8,"column":59},"end":{"line":8,"column":88}},"3":{"start":{"line":9,"column":28},"end":{"line":9,"column":54}},"4":{"start":{"line":10,"column":13},"end":{"line":10,"column":38}},"5":{"start":{"line":11,"column":24},"end":{"line":11,"column":52}},"6":{"start":{"line":12,"column":22},"end":{"line":12,"column":56}},"7":{"start":{"line":13,"column":25},"end":{"line":13,"column":62}},"8":{"start":{"line":15,"column":15},"end":{"line":15,"column":31}},"9":{"start":{"line":30,"column":0},"end":{"line":44,"column":3}},"10":{"start":{"line":31,"column":20},"end":{"line":35,"column":3}},"11":{"start":{"line":36,"column":2},"end":{"line":39,"column":3}},"12":{"start":{"line":37,"column":17},"end":{"line":37,"column":51}},"13":{"start":{"line":37,"column":43},"end":{"line":37,"column":50}},"14":{"start":{"line":38,"column":4},"end":{"line":38,"column":36}},"15":{"start":{"line":41,"column":15},"end":{"line":41,"column":44}},"16":{"start":{"line":42,"column":16},"end":{"line":42,"column":33}},"17":{"start":{"line":43,"column":2},"end":{"line":43,"column":47}},"18":{"start":{"line":54,"column":0},"end":{"line":57,"column":3}},"19":{"start":{"line":55,"column":16},"end":{"line":55,"column":36}},"20":{"start":{"line":56,"column":2},"end":{"line":56,"column":29}},"21":{"start":{"line":67,"column":0},"end":{"line":70,"column":3}},"22":{"start":{"line":68,"column":15},"end":{"line":68,"column":50}},"23":{"start":{"line":69,"column":2},"end":{"line":69,"column":28}},"24":{"start":{"line":83,"column":0},"end":{"line":96,"column":3}},"25":{"start":{"line":84,"column":20},"end":{"line":88,"column":3}},"26":{"start":{"line":89,"column":2},"end":{"line":92,"column":3}},"27":{"start":{"line":90,"column":17},"end":{"line":90,"column":51}},"28":{"start":{"line":90,"column":43},"end":{"line":90,"column":50}},"29":{"start":{"line":91,"column":4},"end":{"line":91,"column":36}},"30":{"start":{"line":94,"column":15},"end":{"line":94,"column":63}},"31":{"start":{"line":95,"column":2},"end":{"line":95,"column":28}},"32":{"start":{"line":104,"column":0},"end":{"line":107,"column":3}},"33":{"start":{"line":105,"column":2},"end":{"line":105,"column":41}},"34":{"start":{"line":106,"column":2},"end":{"line":106,"column":52}},"35":{"start":{"line":110,"column":0},"end":{"line":110,"column":24}}},"fnMap":{"0":{"name":"(anonymous_0)","decl":{"start":{"line":30,"column":30},"end":{"line":30,"column":31}},"loc":{"start":{"line":30,"column":62},"end":{"line":44,"column":1}},"line":30},"1":{"name":"(anonymous_1)","decl":{"start":{"line":37,"column":38},"end":{"line":37,"column":39}},"loc":{"start":{"line":37,"column":43},"end":{"line":37,"column":50}},"line":37},"2":{"name":"(anonymous_2)","decl":{"start":{"line":54,"column":29},"end":{"line":54,"column":30}},"loc":{"start":{"line":54,"column":61},"end":{"line":57,"column":1}},"line":54},"3":{"name":"(anonymous_3)","decl":{"start":{"line":67,"column":44},"end":{"line":67,"column":45}},"loc":{"start":{"line":67,"column":76},"end":{"line":70,"column":1}},"line":67},"4":{"name":"(anonymous_4)","decl":{"start":{"line":83,"column":46},"end":{"line":83,"column":47}},"loc":{"start":{"line":83,"column":78},"end":{"line":96,"column":1}},"line":83},"5":{"name":"(anonymous_5)","decl":{"start":{"line":90,"column":38},"end":{"line":90,"column":39}},"loc":{"start":{"line":90,"column":43},"end":{"line":90,"column":50}},"line":90},"6":{"name":"(anonymous_6)","decl":{"start":{"line":104,"column":47},"end":{"line":104,"column":48}},"loc":{"start":{"line":104,"column":79},"end":{"line":107,"column":1}},"line":104}},"branchMap":{"0":{"loc":{"start":{"line":36,"column":2},"end":{"line":39,"column":3}},"type":"if","locations":[{"start":{"line":36,"column":2},"end":{"line":39,"column":3}},{"start":{},"end":{}}],"line":36},"1":{"loc":{"start":{"line":89,"column":2},"end":{"line":92,"column":3}},"type":"if","locations":[{"start":{"line":89,"column":2},"end":{"line":92,"column":3}},{"start":{},"end":{}}],"line":89}},"s":{"0":5,"1":5,"2":5,"3":5,"4":5,"5":5,"6":5,"7":5,"8":5,"9":5,"10":4,"11":4,"12":2,"13":5,"14":2,"15":2,"16":2,"17":2,"18":5,"19":2,"20":1,"21":5,"22":3,"23":2,"24":5,"25":6,"26":6,"27":1,"28":1,"29":1,"30":5,"31":4,"32":5,"33":3,"34":2,"35":5},"f":{"0":4,"1":5,"2":2,"3":3,"4":6,"5":1,"6":3},"b":{"0":[2,2],"1":[1,5]},"_coverageSchema":"1a1c01bbd47fc00a2c39e90264f33305004495a9","hash":"aa8aff7bb3c03b338d1b4cd7889ce1641828d4ac"}
}
