TN:
SF:app.js
FN:32,(anonymous_0)
FN:37,(anonymous_1)
FNF:2
FNH:2
FNDA:2,(anonymous_0)
FNDA:54,(anonymous_1)
DA:5,5
DA:6,5
DA:8,5
DA:10,5
DA:11,5
DA:12,5
DA:13,5
DA:14,5
DA:16,5
DA:18,5
DA:20,5
DA:21,5
DA:22,5
DA:23,5
DA:25,5
DA:26,5
DA:27,5
DA:28,5
DA:32,5
DA:33,2
DA:37,5
DA:38,54
DA:39,54
DA:40,54
DA:42,54
DA:47,5
LF:26
LH:26
BRDA:38,0,0,1
BRDA:38,0,1,53
BRDA:39,1,0,54
BRDA:39,1,1,2
BRF:4
BRH:4
end_of_record
TN:
SF:config.js
FN:13,getDatabaseUri
FNF:1
FNH:1
FNDA:22,getDatabaseUri
DA:5,11
DA:6,11
DA:8,11
DA:10,11
DA:14,22
DA:22,11
DA:24,11
DA:25,11
DA:26,11
DA:27,11
DA:28,11
DA:29,11
DA:31,11
LF:13
LH:13
BRDA:8,0,0,11
BRDA:8,0,1,10
BRDA:10,1,0,11
BRDA:10,1,1,10
BRDA:14,2,0,19
BRDA:14,2,1,3
BRDA:16,3,0,3
BRDA:16,3,1,1
BRDA:22,4,0,10
BRDA:22,4,1,1
BRF:10
BRH:10
end_of_record
TN:
SF:db.js
FNF:0
FNH:0
DA:5,8
DA:6,8
DA:8,8
DA:12,8
DA:14,8
LF:5
LH:5
BRF:0
BRH:0
end_of_record
TN:
SF:expressError.js
FN:8,(anonymous_0)
FN:18,(anonymous_1)
FN:26,(anonymous_2)
FN:34,(anonymous_3)
FN:42,(anonymous_4)
FNF:5
FNH:4
FNDA:75,(anonymous_0)
FNDA:20,(anonymous_1)
FNDA:29,(anonymous_2)
FNDA:26,(anonymous_3)
FNDA:0,(anonymous_4)
DA:9,75
DA:10,75
DA:11,75
DA:19,20
DA:27,29
DA:35,26
DA:43,0
DA:47,10
LF:8
LH:7
BRDA:18,0,0,2
BRDA:26,1,0,25
BRDA:34,2,0,0
BRDA:42,3,0,0
BRF:4
BRH:2
end_of_record
TN:
SF:helpers/sql.js
FN:25,sqlForPartialUpdate
FN:30,(anonymous_1)
FNF:2
FNH:2
FNDA:23,sqlForPartialUpdate
FNDA:41,(anonymous_1)
DA:1,9
DA:26,23
DA:27,23
DA:30,19
DA:31,41
DA:34,19
DA:40,9
LF:7
LH:7
BRDA:27,0,0,4
BRDA:27,0,1,19
BRDA:31,1,0,41
BRDA:31,1,1,25
BRF:4
BRH:4
end_of_record
TN:
SF:helpers/tokens.js
FN:6,createToken
FNF:1
FNH:1
FNDA:19,createToken
DA:1,6
DA:2,6
DA:7,19
DA:10,19
DA:15,19
DA:18,6
LF:6
LH:6
BRDA:12,0,0,19
BRDA:12,0,1,13
BRF:2
BRH:2
end_of_record
TN:
SF:middleware/auth.js
FN:18,authenticateJWT
FN:36,ensureLoggedIn
FN:52,ensureAdmin
FN:65,ensureUserOrAdmin
FNF:4
FNH:4
FNDA:85,authenticateJWT
FNDA:2,ensureLoggedIn
FNDA:41,ensureAdmin
FNDA:22,ensureUserOrAdmin
DA:5,6
DA:6,6
DA:7,6
DA:19,85
DA:20,85
DA:21,85
DA:22,50
DA:23,50
DA:25,84
DA:27,1
DA:37,2
DA:38,2
DA:39,1
DA:41,1
DA:53,41
DA:54,41
DA:55,16
DA:57,25
DA:66,22
DA:67,22
DA:68,22
DA:70,18
DA:71,14
DA:74,4
DA:77,6
LF:25
LH:25
BRDA:20,0,0,85
BRDA:20,0,1,84
BRDA:21,1,0,50
BRDA:21,1,1,35
BRDA:38,2,0,1
BRDA:38,2,1,1
BRDA:54,3,0,16
BRDA:54,3,1,25
BRDA:54,4,0,41
BRDA:54,4,1,34
BRDA:68,5,0,4
BRDA:68,5,1,18
BRDA:70,6,0,14
BRDA:70,6,1,4
BRDA:70,7,0,18
BRDA:70,7,1,9
BRF:16
BRH:16
end_of_record
TN:
SF:models/_testCommon.js
FN:8,commonBeforeAll
FN:46,commonBeforeEach
FN:50,commonAfterEach
FN:54,commonAfterAll
FNF:4
FNH:4
FNDA:3,commonBeforeAll
FNDA:46,commonBeforeEach
FNDA:46,commonAfterEach
FNDA:3,commonAfterAll
DA:1,3
DA:3,3
DA:4,3
DA:6,3
DA:10,3
DA:12,3
DA:14,3
DA:16,3
DA:22,3
DA:36,3
DA:43,3
DA:47,46
DA:51,46
DA:55,3
DA:59,3
LF:15
LH:15
BRF:0
BRH:0
end_of_record
TN:
SF:models/company.js
FN:19,(anonymous_0)
FN:59,(anonymous_1)
FN:97,(anonymous_2)
FN:132,(anonymous_3)
FN:172,(anonymous_4)
FN:199,(anonymous_5)
FNF:6
FNH:6
FNDA:16,(anonymous_0)
FNDA:9,(anonymous_1)
FNDA:8,(anonymous_2)
FNDA:5,(anonymous_3)
FNDA:6,(anonymous_4)
FNDA:4,(anonymous_5)
DA:3,6
DA:4,6
DA:5,6
DA:20,16
DA:26,16
DA:27,1
DA:29,15
DA:47,15
DA:49,15
DA:61,9
DA:62,1
DA:67,8
DA:69,8
DA:80,7
DA:98,8
DA:99,8
DA:101,8
DA:102,9
DA:103,5
DA:105,4
DA:107,9
DA:108,4
DA:109,4
DA:111,9
DA:112,3
DA:113,3
DA:115,9
DA:116,2
DA:117,2
DA:121,8
DA:133,5
DA:143,5
DA:145,5
DA:147,3
DA:155,3
DA:157,3
DA:173,6
DA:179,5
DA:181,5
DA:186,5
DA:187,5
DA:189,5
DA:191,3
DA:200,4
DA:206,4
DA:208,4
DA:213,6
LF:47
LH:47
BRDA:26,0,0,1
BRDA:26,0,1,15
BRDA:61,1,0,1
BRDA:61,1,1,8
BRDA:102,2,0,5
BRDA:102,2,1,4
BRDA:107,3,0,4
BRDA:107,3,1,5
BRDA:111,4,0,3
BRDA:111,4,1,6
BRDA:115,5,0,2
BRDA:115,5,1,7
BRDA:145,6,0,2
BRDA:145,6,1,3
BRDA:189,7,0,2
BRDA:189,7,1,3
BRDA:208,8,0,2
BRDA:208,8,1,2
BRF:18
BRH:18
end_of_record
TN:
SF:models/job.js
FN:17,(anonymous_0)
FN:45,(anonymous_1)
FN:72,(anonymous_2)
FN:110,(anonymous_3)
FN:148,(anonymous_4)
FN:175,(anonymous_5)
FNF:6
FNH:6
FNDA:14,(anonymous_0)
FNDA:10,(anonymous_1)
FNDA:10,(anonymous_2)
FNDA:4,(anonymous_3)
FNDA:6,(anonymous_4)
FNDA:4,(anonymous_5)
DA:3,6
DA:4,6
DA:5,6
DA:19,14
DA:35,14
DA:37,14
DA:47,10
DA:49,10
DA:55,10
DA:73,10
DA:74,10
DA:76,10
DA:77,14
DA:78,8
DA:79,6
DA:80,5
DA:82,14
DA:83,5
DA:84,5
DA:86,14
DA:87,4
DA:88,4
DA:90,14
DA:91,3
DA:95,10
DA:96,1
DA:99,10
DA:111,4
DA:117,4
DA:119,4
DA:121,2
DA:131,2
DA:133,2
DA:149,6
DA:154,5
DA:156,5
DA:162,5
DA:163,5
DA:165,5
DA:167,3
DA:176,4
DA:182,4
DA:184,4
DA:188,6
LF:44
LH:44
BRDA:77,0,0,8
BRDA:77,0,1,6
BRDA:79,1,0,5
BRDA:79,1,1,1
BRDA:82,2,0,5
BRDA:82,2,1,9
BRDA:86,3,0,4
BRDA:86,3,1,10
BRDA:90,4,0,3
BRDA:90,4,1,11
BRDA:90,5,0,14
BRDA:90,5,1,5
BRDA:95,6,0,1
BRDA:95,6,1,9
BRDA:95,7,0,10
BRDA:95,7,1,2
BRDA:119,8,0,2
BRDA:119,8,1,2
BRDA:165,9,0,2
BRDA:165,9,1,3
BRDA:184,10,0,2
BRDA:184,10,1,2
BRF:22
BRH:22
end_of_record
TN:
SF:models/user.js
FN:24,(anonymous_0)
FN:59,(anonymous_1)
FN:104,(anonymous_2)
FN:126,(anonymous_3)
FN:162,(anonymous_4)
FN:195,(anonymous_5)
FNF:6
FNH:6
FNDA:8,(anonymous_0)
FNDA:19,(anonymous_1)
FNDA:3,(anonymous_2)
FNDA:5,(anonymous_3)
FNDA:9,(anonymous_4)
FNDA:5,(anonymous_5)
DA:3,6
DA:4,6
DA:5,6
DA:10,6
DA:12,6
DA:26,8
DA:38,8
DA:40,8
DA:42,5
DA:43,5
DA:44,4
DA:45,4
DA:49,4
DA:61,19
DA:68,19
DA:69,1
DA:72,18
DA:74,18
DA:94,18
DA:96,18
DA:105,3
DA:115,2
DA:127,5
DA:138,5
DA:140,5
DA:142,3
DA:163,9
DA:164,3
DA:167,9
DA:174,8
DA:176,8
DA:184,8
DA:185,8
DA:187,8
DA:189,6
DA:190,6
DA:196,5
DA:203,5
DA:205,5
DA:210,6
LF:40
LH:40
BRDA:40,0,0,5
BRDA:40,0,1,3
BRDA:43,1,0,4
BRDA:43,1,1,1
BRDA:68,2,0,1
BRDA:68,2,1,18
BRDA:140,3,0,2
BRDA:140,3,1,3
BRDA:163,4,0,3
BRDA:163,4,1,6
BRDA:187,5,0,2
BRDA:187,5,1,6
BRDA:205,6,0,2
BRDA:205,6,1,3
BRF:14
BRH:14
end_of_record
TN:
SF:routes/_testCommon.js
FN:11,commonBeforeAll
FN:91,commonBeforeEach
FN:95,commonAfterEach
FN:99,commonAfterAll
FNF:4
FNH:4
FNDA:4,commonBeforeAll
FNDA:80,commonBeforeEach
FNDA:80,commonAfterEach
FNDA:4,commonAfterAll
DA:3,4
DA:4,4
DA:5,4
DA:6,4
DA:7,4
DA:9,4
DA:13,4
DA:15,4
DA:17,4
DA:19,4
DA:27,4
DA:35,4
DA:44,4
DA:52,4
DA:60,4
DA:69,4
DA:75,4
DA:81,4
DA:88,4
DA:92,80
DA:96,80
DA:100,4
DA:104,4
DA:105,4
DA:106,4
DA:109,4
LF:26
LH:26
BRF:0
BRH:0
end_of_record
TN:
SF:routes/auth.js
FN:22,(anonymous_0)
FN:29,(anonymous_1)
FN:49,(anonymous_2)
FN:56,(anonymous_3)
FNF:4
FNH:4
FNDA:5,(anonymous_0)
FNDA:2,(anonymous_1)
FNDA:3,(anonymous_2)
FNDA:5,(anonymous_3)
DA:5,5
DA:7,5
DA:8,5
DA:9,5
DA:10,5
DA:11,5
DA:12,5
DA:13,5
DA:22,5
DA:23,5
DA:28,5
DA:29,2
DA:30,2
DA:33,3
DA:34,3
DA:35,1
DA:36,1
DA:49,5
DA:50,3
DA:55,3
DA:56,5
DA:57,2
DA:60,1
DA:61,1
DA:62,1
DA:66,5
LF:26
LH:26
BRDA:28,0,0,2
BRDA:28,0,1,3
BRDA:55,1,0,2
BRDA:55,1,1,1
BRF:4
BRH:4
end_of_record
TN:
SF:routes/companies.js
FN:28,(anonymous_0)
FN:35,(anonymous_1)
FN:54,(anonymous_2)
FN:69,(anonymous_3)
FN:86,(anonymous_4)
FN:102,(anonymous_5)
FN:109,(anonymous_6)
FN:122,(anonymous_7)
FNF:8
FNH:8
FNDA:3,(anonymous_0)
FNDA:3,(anonymous_1)
FNDA:6,(anonymous_2)
FNDA:2,(anonymous_3)
FNDA:3,(anonymous_4)
FNDA:4,(anonymous_5)
FNDA:2,(anonymous_6)
FNDA:2,(anonymous_7)
DA:5,5
DA:6,5
DA:8,5
DA:9,5
DA:10,5
DA:12,5
DA:13,5
DA:14,5
DA:16,5
DA:28,5
DA:29,3
DA:34,3
DA:35,3
DA:36,2
DA:39,1
DA:40,1
DA:54,5
DA:55,6
DA:58,6
DA:59,6
DA:62,6
DA:68,6
DA:69,2
DA:70,2
DA:73,4
DA:75,3
DA:86,5
DA:87,3
DA:88,2
DA:102,5
DA:103,4
DA:108,4
DA:109,2
DA:110,2
DA:113,2
DA:114,1
DA:122,5
DA:123,2
DA:124,1
DA:128,5
LF:40
LH:40
BRDA:34,0,0,2
BRDA:34,0,1,1
BRDA:58,1,0,2
BRDA:58,1,1,4
BRDA:59,2,0,1
BRDA:59,2,1,5
BRDA:68,3,0,2
BRDA:68,3,1,4
BRDA:108,4,0,2
BRDA:108,4,1,2
BRF:10
BRH:10
end_of_record
TN:
SF:routes/jobs.js
FN:28,(anonymous_0)
FN:35,(anonymous_1)
FN:54,(anonymous_2)
FN:69,(anonymous_3)
FN:86,(anonymous_4)
FN:102,(anonymous_5)
FN:109,(anonymous_6)
FN:122,(anonymous_7)
FNF:8
FNH:8
FNDA:3,(anonymous_0)
FNDA:2,(anonymous_1)
FNDA:5,(anonymous_2)
FNDA:2,(anonymous_3)
FNDA:2,(anonymous_4)
FNDA:4,(anonymous_5)
FNDA:3,(anonymous_6)
FNDA:2,(anonymous_7)
DA:5,5
DA:6,5
DA:8,5
DA:9,5
DA:10,5
DA:12,5
DA:13,5
DA:14,5
DA:16,5
DA:28,5
DA:29,3
DA:34,3
DA:35,2
DA:36,2
DA:39,1
DA:40,1
DA:54,5
DA:55,5
DA:58,5
DA:59,5
DA:62,5
DA:68,5
DA:69,2
DA:70,2
DA:73,3
DA:75,3
DA:86,5
DA:87,2
DA:88,1
DA:102,5
DA:103,4
DA:108,4
DA:109,3
DA:110,2
DA:113,2
DA:114,1
DA:122,5
DA:123,2
DA:124,1
DA:127,5
LF:40
LH:40
BRDA:34,0,0,2
BRDA:34,0,1,1
BRDA:58,1,0,2
BRDA:58,1,1,3
BRDA:59,2,0,1
BRDA:59,2,1,4
BRDA:68,3,0,2
BRDA:68,3,1,3
BRDA:108,4,0,2
BRDA:108,4,1,2
BRF:10
BRH:10
end_of_record
TN:
SF:routes/users.js
FN:30,(anonymous_0)
FN:37,(anonymous_1)
FN:54,(anonymous_2)
FN:67,(anonymous_3)
FN:83,(anonymous_4)
FN:90,(anonymous_5)
FN:104,(anonymous_6)
FNF:7
FNH:7
FNDA:4,(anonymous_0)
FNDA:5,(anonymous_1)
FNDA:2,(anonymous_2)
FNDA:3,(anonymous_3)
FNDA:6,(anonymous_4)
FNDA:1,(anonymous_5)
FNDA:3,(anonymous_6)
DA:5,5
DA:7,5
DA:8,5
DA:9,5
DA:10,5
DA:11,5
DA:12,5
DA:13,5
DA:15,5
DA:30,5
DA:31,4
DA:36,4
DA:37,5
DA:38,2
DA:41,2
DA:42,2
DA:43,2
DA:54,5
DA:55,2
DA:56,1
DA:67,5
DA:68,3
DA:69,2
DA:83,5
DA:84,6
DA:89,6
DA:90,1
DA:91,1
DA:94,5
DA:95,4
DA:104,5
DA:105,3
DA:106,2
DA:110,5
LF:34
LH:34
BRDA:36,0,0,2
BRDA:36,0,1,2
BRDA:89,1,0,1
BRDA:89,1,1,5
BRF:4
BRH:4
end_of_record
