TN:
SF:app.js
FN:32,(anonymous_0)
FN:37,(anonymous_1)
FNF:2
FNH:2
FNDA:2,(anonymous_0)
FNDA:54,(anonymous_1)
DA:5,5
DA:6,5
DA:8,5
DA:10,5
DA:11,5
DA:12,5
DA:13,5
DA:14,5
DA:16,5
DA:18,5
DA:20,5
DA:21,5
DA:22,5
DA:23,5
DA:25,5
DA:26,5
DA:27,5
DA:28,5
DA:32,5
DA:33,2
DA:37,5
DA:38,54
DA:39,54
DA:40,54
DA:42,54
DA:47,5
LF:26
LH:26
BRDA:38,0,0,1
BRDA:38,0,1,53
BRDA:39,1,0,54
BRDA:39,1,1,2
BRF:4
BRH:4
end_of_record
TN:
SF:config.js
FN:13,getDatabaseUri
FNF:1
FNH:1
FNDA:22,getDatabaseUri
DA:5,11
DA:6,11
DA:8,11
DA:10,11
DA:14,22
DA:22,11
DA:24,11
DA:25,11
DA:26,11
DA:27,11
DA:28,11
DA:29,11
DA:31,11
LF:13
LH:13
BRDA:8,0,0,11
BRDA:8,0,1,10
BRDA:10,1,0,11
BRDA:10,1,1,10
BRDA:14,2,0,19
BRDA:14,2,1,3
BRDA:16,3,0,3
BRDA:16,3,1,1
BRDA:22,4,0,10
BRDA:22,4,1,1
BRF:10
BRH:10
end_of_record
TN:
SF:db.js
FNF:0
FNH:0
DA:5,8
DA:6,8
DA:8,8
DA:12,8
DA:14,8
LF:5
LH:5
BRF:0
BRH:0
end_of_record
TN:
SF:expressError.js
FN:8,(anonymous_0)
FN:18,(anonymous_1)
FN:26,(anonymous_2)
FN:34,(anonymous_3)
FN:42,(anonymous_4)
FNF:5
FNH:4
FNDA:75,(anonymous_0)
FNDA:20,(anonymous_1)
FNDA:29,(anonymous_2)
FNDA:26,(anonymous_3)
FNDA:0,(anonymous_4)
DA:9,75
DA:10,75
DA:11,75
DA:19,20
DA:27,29
DA:35,26
DA:43,0
DA:47,10
LF:8
LH:7
BRDA:18,0,0,2
BRDA:26,1,0,25
BRDA:34,2,0,0
BRDA:42,3,0,0
BRF:4
BRH:2
end_of_record
TN:
SF:helpers/sql.js
FN:25,sqlForPartialUpdate
FN:30,(anonymous_1)
FNF:2
FNH:2
FNDA:23,sqlForPartialUpdate
FNDA:41,(anonymous_1)
DA:1,9
DA:26,23
DA:27,23
DA:30,19
DA:31,41
DA:34,19
DA:40,9
LF:7
LH:7
BRDA:27,0,0,4
BRDA:27,0,1,19
BRDA:31,1,0,41
BRDA:31,1,1,25
BRF:4
BRH:4
end_of_record
TN:
SF:helpers/tokens.js
FN:6,createToken
FNF:1
FNH:1
FNDA:19,createToken
DA:1,6
DA:2,6
DA:7,19
DA:10,19
DA:15,19
DA:18,6
LF:6
LH:6
BRDA:12,0,0,19
BRDA:12,0,1,13
BRF:2
BRH:2
end_of_record
TN:
SF:middleware/auth.js
FN:18,authenticateJWT
FN:36,ensureLoggedIn
FN:52,ensureAdmin
FN:65,ensureUserOrAdmin
FNF:4
FNH:4
FNDA:85,authenticateJWT
FNDA:2,ensureLoggedIn
FNDA:41,ensureAdmin
FNDA:22,ensureUserOrAdmin
DA:5,6
DA:6,6
DA:7,6
DA:19,85
DA:20,85
DA:21,85
DA:22,50
DA:23,50
DA:25,84
DA:27,1
DA:37,2
DA:38,2
DA:39,1
DA:41,1
DA:53,41
DA:54,41
DA:55,16
DA:57,25
DA:66,22
DA:67,22
DA:68,22
DA:70,18
DA:71,14
DA:74,4
DA:77,6
LF:25
LH:25
BRDA:20,0,0,85
BRDA:20,0,1,84
BRDA:21,1,0,50
BRDA:21,1,1,35
BRDA:38,2,0,1
BRDA:38,2,1,1
BRDA:54,3,0,16
BRDA:54,3,1,25
BRDA:54,4,0,41
BRDA:54,4,1,34
BRDA:68,5,0,4
BRDA:68,5,1,18
BRDA:70,6,0,14
BRDA:70,6,1,4
BRDA:70,7,0,18
BRDA:70,7,1,9
BRF:16
BRH:16
end_of_record
TN:
SF:models/_testCommon.js
FN:8,commonBeforeAll
FN:46,commonBeforeEach
FN:50,commonAfterEach
FN:54,commonAfterAll
FNF:4
FNH:4
FNDA:3,commonBeforeAll
FNDA:46,commonBeforeEach
FNDA:46,commonAfterEach
FNDA:3,commonAfterAll
DA:1,3
DA:3,3
DA:4,3
DA:6,3
DA:10,3
DA:12,3
DA:14,3
DA:16,3
DA:22,3
DA:36,3
DA:43,3
DA:47,46
DA:51,46
DA:55,3
DA:59,3
LF:15
LH:15
BRF:0
BRH:0
end_of_record
TN:
SF:models/company.js
FN:19,(anonymous_0)
FN:59,(anonymous_1)
FN:109,(anonymous_2)
FN:144,(anonymous_3)
FN:174,(anonymous_4)
FN:201,(anonymous_5)
FNF:6
FNH:6
FNDA:16,(anonymous_0)
FNDA:9,(anonymous_1)
FNDA:8,(anonymous_2)
FNDA:5,(anonymous_3)
FNDA:6,(anonymous_4)
FNDA:4,(anonymous_5)
DA:3,6
DA:4,6
DA:5,6
DA:20,16
DA:26,16
DA:27,1
DA:29,15
DA:47,15
DA:49,15
DA:72,9
DA:73,1
DA:78,8
DA:80,8
DA:90,7
DA:110,8
DA:111,8
DA:113,8
DA:114,9
DA:115,5
DA:117,4
DA:119,9
DA:120,4
DA:121,4
DA:123,9
DA:124,3
DA:125,3
DA:127,9
DA:128,2
DA:129,2
DA:133,8
DA:145,5
DA:155,5
DA:157,5
DA:159,3
DA:175,6
DA:181,5
DA:183,5
DA:188,5
DA:189,5
DA:191,5
DA:193,3
DA:202,4
DA:208,4
DA:210,4
DA:215,6
LF:45
LH:45
BRDA:26,0,0,1
BRDA:26,0,1,15
BRDA:72,1,0,1
BRDA:72,1,1,8
BRDA:114,2,0,5
BRDA:114,2,1,4
BRDA:119,3,0,4
BRDA:119,3,1,5
BRDA:123,4,0,3
BRDA:123,4,1,6
BRDA:127,5,0,2
BRDA:127,5,1,7
BRDA:157,6,0,2
BRDA:157,6,1,3
BRDA:191,7,0,2
BRDA:191,7,1,3
BRDA:210,8,0,2
BRDA:210,8,1,2
BRF:18
BRH:18
end_of_record
TN:
SF:models/job.js
FN:18,(anonymous_0)
FN:46,(anonymous_1)
FN:73,(anonymous_2)
FN:110,(anonymous_3)
FN:136,(anonymous_4)
FN:163,(anonymous_5)
FNF:6
FNH:6
FNDA:14,(anonymous_0)
FNDA:10,(anonymous_1)
FNDA:10,(anonymous_2)
FNDA:4,(anonymous_3)
FNDA:6,(anonymous_4)
FNDA:4,(anonymous_5)
DA:3,6
DA:4,6
DA:5,6
DA:20,14
DA:36,14
DA:38,14
DA:48,10
DA:50,10
DA:56,10
DA:74,10
DA:75,10
DA:77,10
DA:78,14
DA:79,8
DA:80,6
DA:81,5
DA:83,14
DA:84,5
DA:85,5
DA:87,14
DA:88,4
DA:89,4
DA:91,14
DA:92,3
DA:96,10
DA:97,1
DA:100,10
DA:111,4
DA:117,4
DA:119,4
DA:121,2
DA:137,6
DA:142,5
DA:144,5
DA:150,5
DA:151,5
DA:153,5
DA:155,3
DA:164,4
DA:170,4
DA:172,4
DA:176,6
LF:42
LH:42
BRDA:78,0,0,8
BRDA:78,0,1,6
BRDA:80,1,0,5
BRDA:80,1,1,1
BRDA:83,2,0,5
BRDA:83,2,1,9
BRDA:87,3,0,4
BRDA:87,3,1,10
BRDA:91,4,0,3
BRDA:91,4,1,11
BRDA:91,5,0,14
BRDA:91,5,1,5
BRDA:96,6,0,1
BRDA:96,6,1,9
BRDA:96,7,0,10
BRDA:96,7,1,2
BRDA:119,8,0,2
BRDA:119,8,1,2
BRDA:153,9,0,2
BRDA:153,9,1,3
BRDA:172,10,0,2
BRDA:172,10,1,2
BRF:22
BRH:22
end_of_record
TN:
SF:models/user.js
FN:24,(anonymous_0)
FN:59,(anonymous_1)
FN:104,(anonymous_2)
FN:126,(anonymous_3)
FN:162,(anonymous_4)
FN:195,(anonymous_5)
FNF:6
FNH:6
FNDA:8,(anonymous_0)
FNDA:19,(anonymous_1)
FNDA:3,(anonymous_2)
FNDA:5,(anonymous_3)
FNDA:9,(anonymous_4)
FNDA:5,(anonymous_5)
DA:3,6
DA:4,6
DA:5,6
DA:10,6
DA:12,6
DA:26,8
DA:38,8
DA:40,8
DA:42,5
DA:43,5
DA:44,4
DA:45,4
DA:49,4
DA:61,19
DA:68,19
DA:69,1
DA:72,18
DA:74,18
DA:94,18
DA:96,18
DA:105,3
DA:115,2
DA:127,5
DA:138,5
DA:140,5
DA:142,3
DA:163,9
DA:164,3
DA:167,9
DA:174,8
DA:176,8
DA:184,8
DA:185,8
DA:187,8
DA:189,6
DA:190,6
DA:196,5
DA:203,5
DA:205,5
DA:210,6
LF:40
LH:40
BRDA:40,0,0,5
BRDA:40,0,1,3
BRDA:43,1,0,4
BRDA:43,1,1,1
BRDA:68,2,0,1
BRDA:68,2,1,18
BRDA:140,3,0,2
BRDA:140,3,1,3
BRDA:163,4,0,3
BRDA:163,4,1,6
BRDA:187,5,0,2
BRDA:187,5,1,6
BRDA:205,6,0,2
BRDA:205,6,1,3
BRF:14
BRH:14
end_of_record
TN:
SF:routes/_testCommon.js
FN:11,commonBeforeAll
FN:91,commonBeforeEach
FN:95,commonAfterEach
FN:99,commonAfterAll
FNF:4
FNH:4
FNDA:4,commonBeforeAll
FNDA:80,commonBeforeEach
FNDA:80,commonAfterEach
FNDA:4,commonAfterAll
DA:3,4
DA:4,4
DA:5,4
DA:6,4
DA:7,4
DA:9,4
DA:13,4
DA:15,4
DA:17,4
DA:19,4
DA:27,4
DA:35,4
DA:44,4
DA:52,4
DA:60,4
DA:69,4
DA:75,4
DA:81,4
DA:88,4
DA:92,80
DA:96,80
DA:100,4
DA:104,4
DA:105,4
DA:106,4
DA:109,4
LF:26
LH:26
BRF:0
BRH:0
end_of_record
TN:
SF:routes/auth.js
FN:22,(anonymous_0)
FN:29,(anonymous_1)
FN:49,(anonymous_2)
FN:56,(anonymous_3)
FNF:4
FNH:4
FNDA:5,(anonymous_0)
FNDA:2,(anonymous_1)
FNDA:3,(anonymous_2)
FNDA:5,(anonymous_3)
DA:5,5
DA:7,5
DA:8,5
DA:9,5
DA:10,5
DA:11,5
DA:12,5
DA:13,5
DA:22,5
DA:23,5
DA:28,5
DA:29,2
DA:30,2
DA:33,3
DA:34,3
DA:35,1
DA:36,1
DA:49,5
DA:50,3
DA:55,3
DA:56,5
DA:57,2
DA:60,1
DA:61,1
DA:62,1
DA:66,5
LF:26
LH:26
BRDA:28,0,0,2
BRDA:28,0,1,3
BRDA:55,1,0,2
BRDA:55,1,1,1
BRF:4
BRH:4
end_of_record
TN:
SF:routes/companies.js
FN:28,(anonymous_0)
FN:35,(anonymous_1)
FN:54,(anonymous_2)
FN:69,(anonymous_3)
FN:97,(anonymous_4)
FN:113,(anonymous_5)
FN:120,(anonymous_6)
FN:133,(anonymous_7)
FNF:8
FNH:8
FNDA:3,(anonymous_0)
FNDA:3,(anonymous_1)
FNDA:6,(anonymous_2)
FNDA:2,(anonymous_3)
FNDA:3,(anonymous_4)
FNDA:4,(anonymous_5)
FNDA:2,(anonymous_6)
FNDA:2,(anonymous_7)
DA:5,5
DA:6,5
DA:8,5
DA:9,5
DA:10,5
DA:12,5
DA:13,5
DA:14,5
DA:16,5
DA:28,5
DA:29,3
DA:34,3
DA:35,3
DA:36,2
DA:39,1
DA:40,1
DA:54,5
DA:55,6
DA:58,6
DA:59,6
DA:62,6
DA:68,6
DA:69,2
DA:70,2
DA:84,4
DA:86,3
DA:97,5
DA:98,3
DA:99,2
DA:113,5
DA:114,4
DA:119,4
DA:120,2
DA:121,2
DA:124,2
DA:125,1
DA:133,5
DA:134,2
DA:135,1
DA:139,5
LF:40
LH:40
BRDA:34,0,0,2
BRDA:34,0,1,1
BRDA:58,1,0,2
BRDA:58,1,1,4
BRDA:59,2,0,1
BRDA:59,2,1,5
BRDA:68,3,0,2
BRDA:68,3,1,4
BRDA:119,4,0,2
BRDA:119,4,1,2
BRF:10
BRH:10
end_of_record
TN:
SF:routes/jobs.js
FN:28,(anonymous_0)
FN:35,(anonymous_1)
FN:54,(anonymous_2)
FN:69,(anonymous_3)
FN:85,(anonymous_4)
FN:101,(anonymous_5)
FN:108,(anonymous_6)
FN:121,(anonymous_7)
FNF:8
FNH:8
FNDA:3,(anonymous_0)
FNDA:2,(anonymous_1)
FNDA:5,(anonymous_2)
FNDA:2,(anonymous_3)
FNDA:2,(anonymous_4)
FNDA:4,(anonymous_5)
FNDA:3,(anonymous_6)
FNDA:2,(anonymous_7)
DA:5,5
DA:6,5
DA:8,5
DA:9,5
DA:10,5
DA:12,5
DA:13,5
DA:14,5
DA:16,5
DA:28,5
DA:29,3
DA:34,3
DA:35,2
DA:36,2
DA:39,1
DA:40,1
DA:54,5
DA:55,5
DA:58,5
DA:59,5
DA:62,5
DA:68,5
DA:69,2
DA:70,2
DA:73,3
DA:75,3
DA:85,5
DA:86,2
DA:87,1
DA:101,5
DA:102,4
DA:107,4
DA:108,3
DA:109,2
DA:112,2
DA:113,1
DA:121,5
DA:122,2
DA:123,1
DA:126,5
LF:40
LH:40
BRDA:34,0,0,2
BRDA:34,0,1,1
BRDA:58,1,0,2
BRDA:58,1,1,3
BRDA:59,2,0,1
BRDA:59,2,1,4
BRDA:68,3,0,2
BRDA:68,3,1,3
BRDA:107,4,0,2
BRDA:107,4,1,2
BRF:10
BRH:10
end_of_record
TN:
SF:routes/users.js
FN:30,(anonymous_0)
FN:37,(anonymous_1)
FN:54,(anonymous_2)
FN:67,(anonymous_3)
FN:83,(anonymous_4)
FN:90,(anonymous_5)
FN:104,(anonymous_6)
FNF:7
FNH:7
FNDA:4,(anonymous_0)
FNDA:5,(anonymous_1)
FNDA:2,(anonymous_2)
FNDA:3,(anonymous_3)
FNDA:6,(anonymous_4)
FNDA:1,(anonymous_5)
FNDA:3,(anonymous_6)
DA:5,5
DA:7,5
DA:8,5
DA:9,5
DA:10,5
DA:11,5
DA:12,5
DA:13,5
DA:15,5
DA:30,5
DA:31,4
DA:36,4
DA:37,5
DA:38,2
DA:41,2
DA:42,2
DA:43,2
DA:54,5
DA:55,2
DA:56,1
DA:67,5
DA:68,3
DA:69,2
DA:83,5
DA:84,6
DA:89,6
DA:90,1
DA:91,1
DA:94,5
DA:95,4
DA:104,5
DA:105,3
DA:106,2
DA:110,5
LF:34
LH:34
BRDA:36,0,0,2
BRDA:36,0,1,2
BRDA:89,1,0,1
BRDA:89,1,1,5
BRF:4
BRH:4
end_of_record
